{"numFailedTestSuites":1,"numFailedTests":1,"numPassedTestSuites":36,"numPassedTests":477,"numPendingTestSuites":0,"numPendingTests":0,"numRuntimeErrorTestSuites":0,"numTodoTests":0,"numTotalTestSuites":37,"numTotalTests":478,"openHandles":[],"snapshot":{"added":0,"didUpdate":false,"failure":false,"filesAdded":0,"filesRemoved":0,"filesRemovedList":[],"filesUnmatched":0,"filesUpdated":0,"matched":0,"total":0,"unchecked":0,"uncheckedKeysByFile":[],"unmatched":0,"updated":0},"startTime":1767062666758,"success":false,"testResults":[{"assertionResults":[{"ancestorTitles":["LOT 4.0 BLOCKER: Consents tenant isolation"],"duration":28,"failing":false,"failureDetails":[],"failureMessages":[],"fullName":"LOT 4.0 BLOCKER: Consents tenant isolation BLOCKER: consent creation requires tenantId","invocations":1,"location":null,"numPassingAsserts":1,"retryReasons":[],"startAt":1767062670851,"status":"passed","title":"BLOCKER: consent creation requires tenantId"},{"ancestorTitles":["LOT 4.0 BLOCKER: Consents tenant isolation"],"duration":3,"failing":false,"failureDetails":[],"failureMessages":[],"fullName":"LOT 4.0 BLOCKER: Consents tenant isolation BLOCKER: consent query requires tenantId","invocations":1,"location":null,"numPassingAsserts":1,"retryReasons":[],"startAt":1767062670880,"status":"passed","title":"BLOCKER: consent query requires tenantId"},{"ancestorTitles":["LOT 4.0 BLOCKER: Consents tenant isolation"],"duration":30,"failing":false,"failureDetails":[],"failureMessages":[],"fullName":"LOT 4.0 BLOCKER: Consents tenant isolation BLOCKER: cross-tenant consent read returns null (isolation)","invocations":1,"location":null,"numPassingAsserts":1,"retryReasons":[],"startAt":1767062670883,"status":"passed","title":"BLOCKER: cross-tenant consent read returns null (isolation)"},{"ancestorTitles":["LOT 4.0 BLOCKER: Consents tenant isolation"],"duration":51,"failing":false,"failureDetails":[],"failureMessages":[],"fullName":"LOT 4.0 BLOCKER: Consents tenant isolation BLOCKER: findByUser respects tenant isolation","invocations":1,"location":null,"numPassingAsserts":4,"retryReasons":[],"startAt":1767062670914,"status":"passed","title":"BLOCKER: findByUser respects tenant isolation"},{"ancestorTitles":["LOT 4.0 BLOCKER: AI jobs tenant isolation"],"duration":8,"failing":false,"failureDetails":[],"failureMessages":[],"fullName":"LOT 4.0 BLOCKER: AI jobs tenant isolation BLOCKER: AI job creation requires tenantId","invocations":1,"location":null,"numPassingAsserts":1,"retryReasons":[],"startAt":1767062671000,"status":"passed","title":"BLOCKER: AI job creation requires tenantId"},{"ancestorTitles":["LOT 4.0 BLOCKER: AI jobs tenant isolation"],"duration":2,"failing":false,"failureDetails":[],"failureMessages":[],"fullName":"LOT 4.0 BLOCKER: AI jobs tenant isolation BLOCKER: AI job query requires tenantId","invocations":1,"location":null,"numPassingAsserts":1,"retryReasons":[],"startAt":1767062671008,"status":"passed","title":"BLOCKER: AI job query requires tenantId"},{"ancestorTitles":["LOT 4.0 BLOCKER: AI jobs tenant isolation"],"duration":2,"failing":false,"failureDetails":[],"failureMessages":[],"fullName":"LOT 4.0 BLOCKER: AI jobs tenant isolation BLOCKER: AI job creation requires purpose (DB constraint)","invocations":1,"location":null,"numPassingAsserts":1,"retryReasons":[],"startAt":1767062671010,"status":"passed","title":"BLOCKER: AI job creation requires purpose (DB constraint)"},{"ancestorTitles":["LOT 4.0 BLOCKER: AI jobs tenant isolation"],"duration":43,"failing":false,"failureDetails":[],"failureMessages":[],"fullName":"LOT 4.0 BLOCKER: AI jobs tenant isolation BLOCKER: cross-tenant AI job read returns null (isolation)","invocations":1,"location":null,"numPassingAsserts":1,"retryReasons":[],"startAt":1767062671013,"status":"passed","title":"BLOCKER: cross-tenant AI job read returns null (isolation)"},{"ancestorTitles":["LOT 4.0 BLOCKER: AI jobs tenant isolation"],"duration":48,"failing":false,"failureDetails":[],"failureMessages":[],"fullName":"LOT 4.0 BLOCKER: AI jobs tenant isolation BLOCKER: cross-tenant AI job update fails (isolation)","invocations":1,"location":null,"numPassingAsserts":1,"retryReasons":[],"startAt":1767062671057,"status":"passed","title":"BLOCKER: cross-tenant AI job update fails (isolation)"},{"ancestorTitles":["LOT 4.0 BLOCKER: AI jobs tenant isolation"],"duration":88,"failing":false,"failureDetails":[],"failureMessages":[],"fullName":"LOT 4.0 BLOCKER: AI jobs tenant isolation BLOCKER: findByUser respects tenant isolation","invocations":1,"location":null,"numPassingAsserts":4,"retryReasons":[],"startAt":1767062671105,"status":"passed","title":"BLOCKER: findByUser respects tenant isolation"},{"ancestorTitles":["LOT 4.0 BLOCKER: AI jobs tenant isolation"],"duration":50,"failing":false,"failureDetails":[],"failureMessages":[],"fullName":"LOT 4.0 BLOCKER: AI jobs tenant isolation BLOCKER: AI job does NOT store content (schema validation)","invocations":1,"location":null,"numPassingAsserts":14,"retryReasons":[],"startAt":1767062671193,"status":"passed","title":"BLOCKER: AI job does NOT store content (schema validation)"},{"ancestorTitles":["LOT 4.0 BLOCKER: DB-level tenant isolation (raw SQL)"],"duration":5,"failing":false,"failureDetails":[],"failureMessages":[],"fullName":"LOT 4.0 BLOCKER: DB-level tenant isolation (raw SQL) BLOCKER: DB constraint prevents ai_jobs without tenant_id","invocations":1,"location":null,"numPassingAsserts":1,"retryReasons":[],"startAt":1767062671279,"status":"passed","title":"BLOCKER: DB constraint prevents ai_jobs without tenant_id"},{"ancestorTitles":["LOT 4.0 BLOCKER: DB-level tenant isolation (raw SQL)"],"duration":37,"failing":false,"failureDetails":[],"failureMessages":[],"fullName":"LOT 4.0 BLOCKER: DB-level tenant isolation (raw SQL) BLOCKER: DB constraint prevents consents without tenant_id","invocations":1,"location":null,"numPassingAsserts":1,"retryReasons":[],"startAt":1767062671284,"status":"passed","title":"BLOCKER: DB constraint prevents consents without tenant_id"},{"ancestorTitles":["LOT 4.0 BLOCKER: DB-level tenant isolation (raw SQL)"],"duration":43,"failing":false,"failureDetails":[],"failureMessages":[],"fullName":"LOT 4.0 BLOCKER: DB-level tenant isolation (raw SQL) BLOCKER: DB constraint enforces tenant scope on users","invocations":1,"location":null,"numPassingAsserts":1,"retryReasons":[],"startAt":1767062671322,"status":"passed","title":"BLOCKER: DB constraint enforces tenant scope on users"}],"endTime":1767062671419,"message":"","name":"C:\\workspace\\ia-tools\\rgpd-ia-platform\\rgpd-ia-platform\\tests\\db.lot4.tenant-isolation.test.ts","startTime":1767062668871,"status":"passed","summary":""},{"assertionResults":[{"ancestorTitles":["RGPD - Consent Granularity by Purpose (Art. 7)","BLOCKER: Purpose-specific consent (not blanket)"],"duration":83,"failing":false,"failureDetails":[],"failureMessages":[],"fullName":"RGPD - Consent Granularity by Purpose (Art. 7) BLOCKER: Purpose-specific consent (not blanket) BLOCKER: Consent for 'analytics' does NOT grant consent for 'marketing'","invocations":1,"location":null,"numPassingAsserts":3,"retryReasons":[],"startAt":1767062670804,"status":"passed","title":"BLOCKER: Consent for 'analytics' does NOT grant consent for 'marketing'"},{"ancestorTitles":["RGPD - Consent Granularity by Purpose (Art. 7)","BLOCKER: Purpose-specific consent (not blanket)"],"duration":33,"failing":false,"failureDetails":[],"failureMessages":[],"fullName":"RGPD - Consent Granularity by Purpose (Art. 7) BLOCKER: Purpose-specific consent (not blanket) BLOCKER: Consent for 'marketing' does NOT grant consent for 'ai_processing'","invocations":1,"location":null,"numPassingAsserts":3,"retryReasons":[],"startAt":1767062670888,"status":"passed","title":"BLOCKER: Consent for 'marketing' does NOT grant consent for 'ai_processing'"},{"ancestorTitles":["RGPD - Consent Granularity by Purpose (Art. 7)","BLOCKER: Purpose-specific consent (not blanket)"],"duration":51,"failing":false,"failureDetails":[],"failureMessages":[],"fullName":"RGPD - Consent Granularity by Purpose (Art. 7) BLOCKER: Purpose-specific consent (not blanket) User can have multiple consents for different purposes","invocations":1,"location":null,"numPassingAsserts":4,"retryReasons":[],"startAt":1767062670922,"status":"passed","title":"User can have multiple consents for different purposes"},{"ancestorTitles":["RGPD - Consent Granularity by Purpose (Art. 7)","BLOCKER: Revocation is purpose-specific"],"duration":98,"failing":false,"failureDetails":[],"failureMessages":[],"fullName":"RGPD - Consent Granularity by Purpose (Art. 7) BLOCKER: Revocation is purpose-specific BLOCKER: Revoking 'marketing' does NOT revoke 'analytics'","invocations":1,"location":null,"numPassingAsserts":6,"retryReasons":[],"startAt":1767062670974,"status":"passed","title":"BLOCKER: Revoking 'marketing' does NOT revoke 'analytics'"},{"ancestorTitles":["RGPD - Consent Granularity by Purpose (Art. 7)","BLOCKER: Revocation is purpose-specific"],"duration":198,"failing":false,"failureDetails":[],"failureMessages":[],"fullName":"RGPD - Consent Granularity by Purpose (Art. 7) BLOCKER: Revocation is purpose-specific BLOCKER: Revoking one purpose does not affect other purposes","invocations":1,"location":null,"numPassingAsserts":10,"retryReasons":[],"startAt":1767062671072,"status":"passed","title":"BLOCKER: Revoking one purpose does not affect other purposes"},{"ancestorTitles":["RGPD - Consent Granularity by Purpose (Art. 7)","BLOCKER: Revocation is purpose-specific"],"duration":59,"failing":false,"failureDetails":[],"failureMessages":[],"fullName":"RGPD - Consent Granularity by Purpose (Art. 7) BLOCKER: Revocation is purpose-specific User can selectively revoke and re-grant specific purposes","invocations":1,"location":null,"numPassingAsserts":3,"retryReasons":[],"startAt":1767062671271,"status":"passed","title":"User can selectively revoke and re-grant specific purposes"},{"ancestorTitles":["RGPD - Consent Granularity by Purpose (Art. 7)","BLOCKER: Purpose validation and isolation"],"duration":54,"failing":false,"failureDetails":[],"failureMessages":[],"fullName":"RGPD - Consent Granularity by Purpose (Art. 7) BLOCKER: Purpose validation and isolation Different purposes are completely isolated","invocations":1,"location":null,"numPassingAsserts":6,"retryReasons":[],"startAt":1767062671331,"status":"passed","title":"Different purposes are completely isolated"},{"ancestorTitles":["RGPD - Consent Granularity by Purpose (Art. 7)","BLOCKER: Purpose validation and isolation"],"duration":42,"failing":false,"failureDetails":[],"failureMessages":[],"fullName":"RGPD - Consent Granularity by Purpose (Art. 7) BLOCKER: Purpose validation and isolation Purpose string is case-sensitive and exact match","invocations":1,"location":null,"numPassingAsserts":4,"retryReasons":[],"startAt":1767062671386,"status":"passed","title":"Purpose string is case-sensitive and exact match"},{"ancestorTitles":["RGPD - Consent Granularity by Purpose (Art. 7)","BLOCKER: Purpose validation and isolation"],"duration":23,"failing":false,"failureDetails":[],"failureMessages":[],"fullName":"RGPD - Consent Granularity by Purpose (Art. 7) BLOCKER: Purpose validation and isolation Empty or invalid purpose is handled safely","invocations":1,"location":null,"numPassingAsserts":2,"retryReasons":[],"startAt":1767062671428,"status":"passed","title":"Empty or invalid purpose is handled safely"},{"ancestorTitles":["RGPD - Consent Granularity by Purpose (Art. 7)","BLOCKER: Art. 7 RGPD Compliance"],"duration":62,"failing":false,"failureDetails":[],"failureMessages":[],"fullName":"RGPD - Consent Granularity by Purpose (Art. 7) BLOCKER: Art. 7 RGPD Compliance BLOCKER: No blanket consent - each purpose requires explicit consent","invocations":1,"location":null,"numPassingAsserts":4,"retryReasons":[],"startAt":1767062671451,"status":"passed","title":"BLOCKER: No blanket consent - each purpose requires explicit consent"},{"ancestorTitles":["RGPD - Consent Granularity by Purpose (Art. 7)","BLOCKER: Art. 7 RGPD Compliance"],"duration":97,"failing":false,"failureDetails":[],"failureMessages":[],"fullName":"RGPD - Consent Granularity by Purpose (Art. 7) BLOCKER: Art. 7 RGPD Compliance BLOCKER: Granular revocation enables RGPD compliance","invocations":1,"location":null,"numPassingAsserts":3,"retryReasons":[],"startAt":1767062671514,"status":"passed","title":"BLOCKER: Granular revocation enables RGPD compliance"}],"endTime":1767062671630,"message":"","name":"C:\\workspace\\ia-tools\\rgpd-ia-platform\\rgpd-ia-platform\\tests\\rgpd.consent-granularity.test.ts","startTime":1767062668942,"status":"passed","summary":""},{"assertionResults":[{"ancestorTitles":["LOT 4.1 BLOCKER: Retention policy validation"],"duration":15,"failing":false,"failureDetails":[],"failureMessages":[],"fullName":"LOT 4.1 BLOCKER: Retention policy validation BLOCKER: default retention policy is valid","invocations":1,"location":null,"numPassingAsserts":1,"retryReasons":[],"startAt":1767062670747,"status":"passed","title":"BLOCKER: default retention policy is valid"},{"ancestorTitles":["LOT 4.1 BLOCKER: Retention policy validation"],"duration":29,"failing":false,"failureDetails":[],"failureMessages":[],"fullName":"LOT 4.1 BLOCKER: Retention policy validation BLOCKER: retention policy rejects excessive AI jobs retention","invocations":1,"location":null,"numPassingAsserts":1,"retryReasons":[],"startAt":1767062670763,"status":"passed","title":"BLOCKER: retention policy rejects excessive AI jobs retention"},{"ancestorTitles":["LOT 4.1 BLOCKER: Retention policy validation"],"duration":3,"failing":false,"failureDetails":[],"failureMessages":[],"fullName":"LOT 4.1 BLOCKER: Retention policy validation BLOCKER: retention policy rejects insufficient audit retention","invocations":1,"location":null,"numPassingAsserts":1,"retryReasons":[],"startAt":1767062670792,"status":"passed","title":"BLOCKER: retention policy rejects insufficient audit retention"},{"ancestorTitles":["LOT 4.1 BLOCKER: Retention policy validation"],"duration":3,"failing":false,"failureDetails":[],"failureMessages":[],"fullName":"LOT 4.1 BLOCKER: Retention policy validation BLOCKER: retention policy rejects consents auto-purge","invocations":1,"location":null,"numPassingAsserts":1,"retryReasons":[],"startAt":1767062670795,"status":"passed","title":"BLOCKER: retention policy rejects consents auto-purge"},{"ancestorTitles":["LOT 4.1 BLOCKER: Retention policy validation"],"duration":2,"failing":false,"failureDetails":[],"failureMessages":[],"fullName":"LOT 4.1 BLOCKER: Retention policy validation cutoff date calculation is correct","invocations":1,"location":null,"numPassingAsserts":1,"retryReasons":[],"startAt":1767062670799,"status":"passed","title":"cutoff date calculation is correct"},{"ancestorTitles":["LOT 4.1 BLOCKER: Purge job execution"],"duration":10,"failing":false,"failureDetails":[],"failureMessages":[],"fullName":"LOT 4.1 BLOCKER: Purge job execution BLOCKER: purge requires tenantId (RGPD isolation)","invocations":1,"location":null,"numPassingAsserts":1,"retryReasons":[],"startAt":1767062670930,"status":"passed","title":"BLOCKER: purge requires tenantId (RGPD isolation)"},{"ancestorTitles":["LOT 4.1 BLOCKER: Purge job execution"],"duration":44,"failing":false,"failureDetails":[],"failureMessages":[],"fullName":"LOT 4.1 BLOCKER: Purge job execution BLOCKER: purge respects retention policy (only old data purged)","invocations":1,"location":null,"numPassingAsserts":3,"retryReasons":[],"startAt":1767062670940,"status":"passed","title":"BLOCKER: purge respects retention policy (only old data purged)"},{"ancestorTitles":["LOT 4.1 BLOCKER: Purge job execution"],"duration":41,"failing":false,"failureDetails":[],"failureMessages":[],"fullName":"LOT 4.1 BLOCKER: Purge job execution BLOCKER: purge is tenant-scoped (isolation)","invocations":1,"location":null,"numPassingAsserts":1,"retryReasons":[],"startAt":1767062670984,"status":"passed","title":"BLOCKER: purge is tenant-scoped (isolation)"},{"ancestorTitles":["LOT 4.1 BLOCKER: Purge job execution"],"duration":162,"failing":false,"failureDetails":[],"failureMessages":[],"fullName":"LOT 4.1 BLOCKER: Purge job execution BLOCKER: purge is idempotent (safe to run multiple times)","invocations":1,"location":null,"numPassingAsserts":3,"retryReasons":[],"startAt":1767062671026,"status":"passed","title":"BLOCKER: purge is idempotent (safe to run multiple times)"},{"ancestorTitles":["LOT 4.1 BLOCKER: Purge job execution"],"duration":122,"failing":false,"failureDetails":[],"failureMessages":[],"fullName":"LOT 4.1 BLOCKER: Purge job execution BLOCKER: dry-run mode does NOT delete data","invocations":1,"location":null,"numPassingAsserts":2,"retryReasons":[],"startAt":1767062671188,"status":"passed","title":"BLOCKER: dry-run mode does NOT delete data"},{"ancestorTitles":["LOT 4.1 BLOCKER: Purge job execution"],"duration":84,"failing":false,"failureDetails":[],"failureMessages":[],"fullName":"LOT 4.1 BLOCKER: Purge job execution BLOCKER: executeTenantPurgeJob respects tenant isolation","invocations":1,"location":null,"numPassingAsserts":3,"retryReasons":[],"startAt":1767062671311,"status":"passed","title":"BLOCKER: executeTenantPurgeJob respects tenant isolation"},{"ancestorTitles":["LOT 4.1 BLOCKER: Purge job execution"],"duration":162,"failing":false,"failureDetails":[],"failureMessages":[],"fullName":"LOT 4.1 BLOCKER: Purge job execution BLOCKER: executePurgeJob purges all tenants","invocations":1,"location":null,"numPassingAsserts":2,"retryReasons":[],"startAt":1767062671395,"status":"passed","title":"BLOCKER: executePurgeJob purges all tenants"},{"ancestorTitles":["LOT 4.1 BLOCKER: Purge job execution"],"duration":134,"failing":false,"failureDetails":[],"failureMessages":[],"fullName":"LOT 4.1 BLOCKER: Purge job execution BLOCKER: consents are NEVER auto-purged","invocations":1,"location":null,"numPassingAsserts":1,"retryReasons":[],"startAt":1767062671558,"status":"passed","title":"BLOCKER: consents are NEVER auto-purged"}],"endTime":1767062671703,"message":"","name":"C:\\workspace\\ia-tools\\rgpd-ia-platform\\rgpd-ia-platform\\tests\\purge.lot4.test.ts","startTime":1767062668862,"status":"passed","summary":""},{"assertionResults":[{"ancestorTitles":["Automated Retention Cleanup (Art. 5(1)(e) RGPD)","BLOCKER: Automated purge of expired data"],"duration":105,"failing":false,"failureDetails":[],"failureMessages":[],"fullName":"Automated Retention Cleanup (Art. 5(1)(e) RGPD) BLOCKER: Automated purge of expired data BLOCKER: Data older than retention period is automatically purged","invocations":1,"location":null,"numPassingAsserts":3,"retryReasons":[],"startAt":1767062670869,"status":"passed","title":"BLOCKER: Data older than retention period is automatically purged"},{"ancestorTitles":["Automated Retention Cleanup (Art. 5(1)(e) RGPD)","BLOCKER: Automated purge of expired data"],"duration":141,"failing":false,"failureDetails":[],"failureMessages":[],"fullName":"Automated Retention Cleanup (Art. 5(1)(e) RGPD) BLOCKER: Automated purge of expired data Recent data within retention period is NOT purged","invocations":1,"location":null,"numPassingAsserts":2,"retryReasons":[],"startAt":1767062670975,"status":"passed","title":"Recent data within retention period is NOT purged"},{"ancestorTitles":["Automated Retention Cleanup (Art. 5(1)(e) RGPD)","BLOCKER: Automated purge of expired data"],"duration":101,"failing":false,"failureDetails":[],"failureMessages":[],"fullName":"Automated Retention Cleanup (Art. 5(1)(e) RGPD) BLOCKER: Automated purge of expired data Purge job is idempotent (safe to run multiple times)","invocations":1,"location":null,"numPassingAsserts":3,"retryReasons":[],"startAt":1767062671116,"status":"passed","title":"Purge job is idempotent (safe to run multiple times)"},{"ancestorTitles":["Automated Retention Cleanup (Art. 5(1)(e) RGPD)","BLOCKER: Retention policy validation"],"duration":26,"failing":false,"failureDetails":[],"failureMessages":[],"fullName":"Automated Retention Cleanup (Art. 5(1)(e) RGPD) BLOCKER: Retention policy validation Retention policy cutoff date is calculated correctly","invocations":1,"location":null,"numPassingAsserts":1,"retryReasons":[],"startAt":1767062671218,"status":"passed","title":"Retention policy cutoff date is calculated correctly"},{"ancestorTitles":["Automated Retention Cleanup (Art. 5(1)(e) RGPD)","BLOCKER: Retention policy validation"],"duration":87,"failing":false,"failureDetails":[],"failureMessages":[],"fullName":"Automated Retention Cleanup (Art. 5(1)(e) RGPD) BLOCKER: Retention policy validation Custom retention policy can be applied","invocations":1,"location":null,"numPassingAsserts":3,"retryReasons":[],"startAt":1767062671244,"status":"passed","title":"Custom retention policy can be applied"},{"ancestorTitles":["Automated Retention Cleanup (Art. 5(1)(e) RGPD)","BLOCKER: Retention policy validation"],"duration":50,"failing":false,"failureDetails":[],"failureMessages":[],"fullName":"Automated Retention Cleanup (Art. 5(1)(e) RGPD) BLOCKER: Retention policy validation Dry-run mode does NOT delete data","invocations":1,"location":null,"numPassingAsserts":2,"retryReasons":[],"startAt":1767062671331,"status":"passed","title":"Dry-run mode does NOT delete data"},{"ancestorTitles":["Automated Retention Cleanup (Art. 5(1)(e) RGPD)","BLOCKER: Scheduled execution simulation"],"duration":65,"failing":false,"failureDetails":[],"failureMessages":[],"fullName":"Automated Retention Cleanup (Art. 5(1)(e) RGPD) BLOCKER: Scheduled execution simulation Tenant-scoped purge job executes correctly","invocations":1,"location":null,"numPassingAsserts":3,"retryReasons":[],"startAt":1767062671381,"status":"passed","title":"Tenant-scoped purge job executes correctly"},{"ancestorTitles":["Automated Retention Cleanup (Art. 5(1)(e) RGPD)","BLOCKER: Scheduled execution simulation"],"duration":38,"failing":false,"failureDetails":[],"failureMessages":[],"fullName":"Automated Retention Cleanup (Art. 5(1)(e) RGPD) BLOCKER: Scheduled execution simulation Empty tenant (no data) is handled safely","invocations":1,"location":null,"numPassingAsserts":1,"retryReasons":[],"startAt":1767062671446,"status":"passed","title":"Empty tenant (no data) is handled safely"},{"ancestorTitles":["Automated Retention Cleanup (Art. 5(1)(e) RGPD)","BLOCKER: Scheduled execution simulation"],"duration":126,"failing":false,"failureDetails":[],"failureMessages":[],"fullName":"Automated Retention Cleanup (Art. 5(1)(e) RGPD) BLOCKER: Scheduled execution simulation Purge does NOT affect other tenants","invocations":1,"location":null,"numPassingAsserts":1,"retryReasons":[],"startAt":1767062671484,"status":"passed","title":"Purge does NOT affect other tenants"},{"ancestorTitles":["Automated Retention Cleanup (Art. 5(1)(e) RGPD)","Art. 5(1)(e) RGPD Compliance"],"duration":63,"failing":false,"failureDetails":[],"failureMessages":[],"fullName":"Automated Retention Cleanup (Art. 5(1)(e) RGPD) Art. 5(1)(e) RGPD Compliance BLOCKER: Storage limitation principle is enforced","invocations":1,"location":null,"numPassingAsserts":3,"retryReasons":[],"startAt":1767062671611,"status":"passed","title":"BLOCKER: Storage limitation principle is enforced"},{"ancestorTitles":["Automated Retention Cleanup (Art. 5(1)(e) RGPD)","Art. 5(1)(e) RGPD Compliance"],"duration":8,"failing":false,"failureDetails":[],"failureMessages":[],"fullName":"Automated Retention Cleanup (Art. 5(1)(e) RGPD) Art. 5(1)(e) RGPD Compliance Retention policy is documented and auditable","invocations":1,"location":null,"numPassingAsserts":5,"retryReasons":[],"startAt":1767062671674,"status":"passed","title":"Retention policy is documented and auditable"}],"endTime":1767062671720,"message":"","name":"C:\\workspace\\ia-tools\\rgpd-ia-platform\\rgpd-ia-platform\\tests\\retention.automated-cleanup.test.ts","startTime":1767062668965,"status":"passed","summary":""},{"assertionResults":[{"ancestorTitles":["LOT 5.2 - RGPD Deletion (BLOCKER)"],"duration":127,"failing":false,"failureDetails":[],"failureMessages":[],"fullName":"LOT 5.2 - RGPD Deletion (BLOCKER) BLOCKER: Soft delete makes data immediately inaccessible","invocations":1,"location":null,"numPassingAsserts":8,"retryReasons":[],"startAt":1767062671359,"status":"passed","title":"BLOCKER: Soft delete makes data immediately inaccessible"},{"ancestorTitles":["LOT 5.2 - RGPD Deletion (BLOCKER)"],"duration":95,"failing":false,"failureDetails":[],"failureMessages":[],"fullName":"LOT 5.2 - RGPD Deletion (BLOCKER) BLOCKER: Soft delete is tenant-scoped (no cross-tenant deletion)","invocations":1,"location":null,"numPassingAsserts":5,"retryReasons":[],"startAt":1767062671487,"status":"passed","title":"BLOCKER: Soft delete is tenant-scoped (no cross-tenant deletion)"},{"ancestorTitles":["LOT 5.2 - RGPD Deletion (BLOCKER)"],"duration":192,"failing":false,"failureDetails":[],"failureMessages":[],"fullName":"LOT 5.2 - RGPD Deletion (BLOCKER) BLOCKER: Purge performs hard delete (data irrecoverable)","invocations":1,"location":null,"numPassingAsserts":8,"retryReasons":[],"startAt":1767062671582,"status":"passed","title":"BLOCKER: Purge performs hard delete (data irrecoverable)"},{"ancestorTitles":["LOT 5.2 - RGPD Deletion (BLOCKER)"],"duration":373,"failing":false,"failureDetails":[],"failureMessages":[],"fullName":"LOT 5.2 - RGPD Deletion (BLOCKER) BLOCKER: Purge includes crypto-shredding (export bundles deleted)","invocations":1,"location":null,"numPassingAsserts":3,"retryReasons":[],"startAt":1767062671774,"status":"passed","title":"BLOCKER: Purge includes crypto-shredding (export bundles deleted)"},{"ancestorTitles":["LOT 5.2 - RGPD Deletion (BLOCKER)"],"duration":102,"failing":false,"failureDetails":[],"failureMessages":[],"fullName":"LOT 5.2 - RGPD Deletion (BLOCKER) BLOCKER: Audit events created (P1 only)","invocations":1,"location":null,"numPassingAsserts":12,"retryReasons":[],"startAt":1767062672147,"status":"passed","title":"BLOCKER: Audit events created (P1 only)"},{"ancestorTitles":["LOT 5.2 - RGPD Deletion (BLOCKER)"],"duration":184,"failing":false,"failureDetails":[],"failureMessages":[],"fullName":"LOT 5.2 - RGPD Deletion (BLOCKER) BLOCKER: Idempotent deletion (duplicate request handled)","invocations":1,"location":null,"numPassingAsserts":3,"retryReasons":[],"startAt":1767062672249,"status":"passed","title":"BLOCKER: Idempotent deletion (duplicate request handled)"},{"ancestorTitles":["LOT 5.2 - RGPD Deletion (BLOCKER)"],"duration":198,"failing":false,"failureDetails":[],"failureMessages":[],"fullName":"LOT 5.2 - RGPD Deletion (BLOCKER) BLOCKER: Purge validates retention period","invocations":1,"location":null,"numPassingAsserts":3,"retryReasons":[],"startAt":1767062672433,"status":"passed","title":"BLOCKER: Purge validates retention period"}],"endTime":1767062672703,"message":"","name":"C:\\workspace\\ia-tools\\rgpd-ia-platform\\rgpd-ia-platform\\tests\\rgpd.deletion.test.ts","startTime":1767062668840,"status":"passed","summary":""},{"assertionResults":[{"ancestorTitles":["LOT 6.0 BLOCKER: Docker Secrets - No Secrets in Repo"],"duration":7,"failing":false,"failureDetails":[],"failureMessages":[],"fullName":"LOT 6.0 BLOCKER: Docker Secrets - No Secrets in Repo BLOCKER: .gitignore excludes secrets directory","invocations":1,"location":null,"numPassingAsserts":5,"retryReasons":[],"startAt":1767062672603,"status":"passed","title":"BLOCKER: .gitignore excludes secrets directory"},{"ancestorTitles":["LOT 6.0 BLOCKER: Docker Secrets - No Secrets in Repo"],"duration":2,"failing":false,"failureDetails":[],"failureMessages":[],"fullName":"LOT 6.0 BLOCKER: Docker Secrets - No Secrets in Repo BLOCKER: secrets directory does NOT exist in repo (gitignored)","invocations":1,"location":null,"numPassingAsserts":1,"retryReasons":[],"startAt":1767062672611,"status":"passed","title":"BLOCKER: secrets directory does NOT exist in repo (gitignored)"},{"ancestorTitles":["LOT 6.0 BLOCKER: Docker Secrets - No Secrets in Repo"],"duration":1,"failing":false,"failureDetails":[],"failureMessages":[],"fullName":"LOT 6.0 BLOCKER: Docker Secrets - No Secrets in Repo BLOCKER: .env does NOT exist in repo (only .env.example)","invocations":1,"location":null,"numPassingAsserts":2,"retryReasons":[],"startAt":1767062672614,"status":"passed","title":"BLOCKER: .env does NOT exist in repo (only .env.example)"},{"ancestorTitles":["LOT 6.0 BLOCKER: Docker Secrets - No Secrets in Repo"],"duration":2,"failing":false,"failureDetails":[],"failureMessages":[],"fullName":"LOT 6.0 BLOCKER: Docker Secrets - No Secrets in Repo BLOCKER: .env.example contains NO actual secrets","invocations":1,"location":null,"numPassingAsserts":6,"retryReasons":[],"startAt":1767062672616,"status":"passed","title":"BLOCKER: .env.example contains NO actual secrets"},{"ancestorTitles":["LOT 6.0 BLOCKER: Docker Secrets - No Secrets in Repo"],"duration":3,"failing":false,"failureDetails":[],"failureMessages":[],"fullName":"LOT 6.0 BLOCKER: Docker Secrets - No Secrets in Repo BLOCKER: Dockerfile contains NO hardcoded secrets","invocations":1,"location":null,"numPassingAsserts":7,"retryReasons":[],"startAt":1767062672618,"status":"passed","title":"BLOCKER: Dockerfile contains NO hardcoded secrets"},{"ancestorTitles":["LOT 6.0 BLOCKER: Docker Secrets - No Secrets in Repo"],"duration":53,"failing":false,"failureDetails":[],"failureMessages":[],"fullName":"LOT 6.0 BLOCKER: Docker Secrets - No Secrets in Repo BLOCKER: docker-compose.yml uses Docker secrets (not inline)","invocations":1,"location":null,"numPassingAsserts":13,"retryReasons":[],"startAt":1767062672621,"status":"passed","title":"BLOCKER: docker-compose.yml uses Docker secrets (not inline)"},{"ancestorTitles":["LOT 6.0 BLOCKER: Docker Secrets - No Secrets in Repo"],"duration":19,"failing":false,"failureDetails":[],"failureMessages":[],"fullName":"LOT 6.0 BLOCKER: Docker Secrets - No Secrets in Repo BLOCKER: docker-compose.yml environment has NO hardcoded secrets","invocations":1,"location":null,"numPassingAsserts":4,"retryReasons":[],"startAt":1767062672675,"status":"passed","title":"BLOCKER: docker-compose.yml environment has NO hardcoded secrets"},{"ancestorTitles":["LOT 6.0 BLOCKER: Docker Secrets - Proper Usage"],"duration":1,"failing":false,"failureDetails":[],"failureMessages":[],"fullName":"LOT 6.0 BLOCKER: Docker Secrets - Proper Usage BLOCKER: all required secrets are defined","invocations":1,"location":null,"numPassingAsserts":5,"retryReasons":[],"startAt":1767062672722,"status":"passed","title":"BLOCKER: all required secrets are defined"},{"ancestorTitles":["LOT 6.0 BLOCKER: Docker Secrets - Proper Usage"],"duration":1,"failing":false,"failureDetails":[],"failureMessages":[],"fullName":"LOT 6.0 BLOCKER: Docker Secrets - Proper Usage BLOCKER: database service uses password via Docker secret","invocations":1,"location":null,"numPassingAsserts":5,"retryReasons":[],"startAt":1767062672724,"status":"passed","title":"BLOCKER: database service uses password via Docker secret"},{"ancestorTitles":["LOT 6.0 BLOCKER: Docker Secrets - Proper Usage"],"duration":2,"failing":false,"failureDetails":[],"failureMessages":[],"fullName":"LOT 6.0 BLOCKER: Docker Secrets - Proper Usage BLOCKER: app service uses secrets via Docker secrets","invocations":1,"location":null,"numPassingAsserts":11,"retryReasons":[],"startAt":1767062672725,"status":"passed","title":"BLOCKER: app service uses secrets via Docker secrets"},{"ancestorTitles":["LOT 6.0 BLOCKER: Docker Secrets - Proper Usage"],"duration":47,"failing":false,"failureDetails":[],"failureMessages":[],"fullName":"LOT 6.0 BLOCKER: Docker Secrets - Proper Usage BLOCKER: secrets files are in ./secrets/ directory","invocations":1,"location":null,"numPassingAsserts":13,"retryReasons":[],"startAt":1767062672728,"status":"passed","title":"BLOCKER: secrets files are in ./secrets/ directory"},{"ancestorTitles":["LOT 6.0 BLOCKER: Docker Secrets - Proper Usage"],"duration":5,"failing":false,"failureDetails":[],"failureMessages":[],"fullName":"LOT 6.0 BLOCKER: Docker Secrets - Proper Usage BLOCKER: DATABASE_URL does NOT contain password inline","invocations":1,"location":null,"numPassingAsserts":5,"retryReasons":[],"startAt":1767062672781,"status":"passed","title":"BLOCKER: DATABASE_URL does NOT contain password inline"},{"ancestorTitles":["LOT 6.0 SECURITY: Secret Generation & Rotation"],"duration":3,"failing":false,"failureDetails":[],"failureMessages":[],"fullName":"LOT 6.0 SECURITY: Secret Generation & Rotation SECURITY: init-secrets.sh script exists","invocations":1,"location":null,"numPassingAsserts":1,"retryReasons":[],"startAt":1767062672786,"status":"passed","title":"SECURITY: init-secrets.sh script exists"},{"ancestorTitles":["LOT 6.0 SECURITY: Secret Generation & Rotation"],"duration":1,"failing":false,"failureDetails":[],"failureMessages":[],"fullName":"LOT 6.0 SECURITY: Secret Generation & Rotation SECURITY: secrets use strong randomness (documented)","invocations":1,"location":null,"numPassingAsserts":2,"retryReasons":[],"startAt":1767062672790,"status":"passed","title":"SECURITY: secrets use strong randomness (documented)"},{"ancestorTitles":["LOT 6.0 SECURITY: Secret Generation & Rotation"],"duration":2,"failing":false,"failureDetails":[],"failureMessages":[],"fullName":"LOT 6.0 SECURITY: Secret Generation & Rotation SECURITY: .env.example documents all required variables","invocations":1,"location":null,"numPassingAsserts":7,"retryReasons":[],"startAt":1767062672791,"status":"passed","title":"SECURITY: .env.example documents all required variables"},{"ancestorTitles":["LOT 6.0 COMPLIANCE: RGPD & Security Standards"],"duration":2,"failing":false,"failureDetails":[],"failureMessages":[],"fullName":"LOT 6.0 COMPLIANCE: RGPD & Security Standards COMPLIANCE: no sensitive data patterns in docker-compose.yml","invocations":1,"location":null,"numPassingAsserts":6,"retryReasons":[],"startAt":1767062672794,"status":"passed","title":"COMPLIANCE: no sensitive data patterns in docker-compose.yml"},{"ancestorTitles":["LOT 6.0 COMPLIANCE: RGPD & Security Standards"],"duration":13,"failing":false,"failureDetails":[],"failureMessages":[],"fullName":"LOT 6.0 COMPLIANCE: RGPD & Security Standards COMPLIANCE: no telemetry or tracking secrets","invocations":1,"location":null,"numPassingAsserts":10,"retryReasons":[],"startAt":1767062672796,"status":"passed","title":"COMPLIANCE: no telemetry or tracking secrets"},{"ancestorTitles":["LOT 6.0 COMPLIANCE: RGPD & Security Standards"],"duration":14,"failing":false,"failureDetails":[],"failureMessages":[],"fullName":"LOT 6.0 COMPLIANCE: RGPD & Security Standards COMPLIANCE: secrets are scoped per service (principle of least privilege)","invocations":1,"location":null,"numPassingAsserts":7,"retryReasons":[],"startAt":1767062672809,"status":"passed","title":"COMPLIANCE: secrets are scoped per service (principle of least privilege)"}],"endTime":1767062672826,"message":"","name":"C:\\workspace\\ia-tools\\rgpd-ia-platform\\rgpd-ia-platform\\tests\\docker.secrets.test.ts","startTime":1767062672176,"status":"passed","summary":""},{"assertionResults":[{"ancestorTitles":[],"duration":23,"failing":false,"failureDetails":[],"failureMessages":[],"fullName":"bootstrap flow logs are event-only and contain no sensitive data","invocations":1,"location":null,"numPassingAsserts":73,"retryReasons":[],"startAt":1767062673167,"status":"passed","title":"bootstrap flow logs are event-only and contain no sensitive data"},{"ancestorTitles":[],"duration":67,"failing":false,"failureDetails":[],"failureMessages":[],"fullName":"logger rejects nested meta objects","invocations":1,"location":null,"numPassingAsserts":1,"retryReasons":[],"startAt":1767062673190,"status":"passed","title":"logger rejects nested meta objects"}],"endTime":1767062673259,"message":"","name":"C:\\workspace\\ia-tools\\rgpd-ia-platform\\rgpd-ia-platform\\tests\\rgpd.no-sensitive-logs.test.ts","startTime":1767062672137,"status":"passed","summary":""},{"assertionResults":[{"ancestorTitles":["LOT 5.1 - RGPD Export (BLOCKER)"],"duration":381,"failing":false,"failureDetails":[],"failureMessages":[],"fullName":"LOT 5.1 - RGPD Export (BLOCKER) BLOCKER: Export contains only user scope data (tenant isolation)","invocations":1,"location":null,"numPassingAsserts":10,"retryReasons":[],"startAt":1767062671352,"status":"passed","title":"BLOCKER: Export contains only user scope data (tenant isolation)"},{"ancestorTitles":["LOT 5.1 - RGPD Export (BLOCKER)"],"duration":441,"failing":false,"failureDetails":[],"failureMessages":[],"fullName":"LOT 5.1 - RGPD Export (BLOCKER) BLOCKER: Bundle is encrypted (cannot read without password)","invocations":1,"location":null,"numPassingAsserts":3,"retryReasons":[],"startAt":1767062671734,"status":"passed","title":"BLOCKER: Bundle is encrypted (cannot read without password)"},{"ancestorTitles":["LOT 5.1 - RGPD Export (BLOCKER)"],"duration":168,"failing":false,"failureDetails":[],"failureMessages":[],"fullName":"LOT 5.1 - RGPD Export (BLOCKER) BLOCKER: TTL expiration enforced","invocations":1,"location":null,"numPassingAsserts":1,"retryReasons":[],"startAt":1767062672175,"status":"passed","title":"BLOCKER: TTL expiration enforced"},{"ancestorTitles":["LOT 5.1 - RGPD Export (BLOCKER)"],"duration":269,"failing":false,"failureDetails":[],"failureMessages":[],"fullName":"LOT 5.1 - RGPD Export (BLOCKER) BLOCKER: Download count limit enforced","invocations":1,"location":null,"numPassingAsserts":4,"retryReasons":[],"startAt":1767062672343,"status":"passed","title":"BLOCKER: Download count limit enforced"},{"ancestorTitles":["LOT 5.1 - RGPD Export (BLOCKER)"],"duration":254,"failing":false,"failureDetails":[],"failureMessages":[],"fullName":"LOT 5.1 - RGPD Export (BLOCKER) BLOCKER: Cross-user access denied","invocations":1,"location":null,"numPassingAsserts":1,"retryReasons":[],"startAt":1767062672612,"status":"passed","title":"BLOCKER: Cross-user access denied"},{"ancestorTitles":["LOT 5.1 - RGPD Export (BLOCKER)"],"duration":196,"failing":false,"failureDetails":[],"failureMessages":[],"fullName":"LOT 5.1 - RGPD Export (BLOCKER) BLOCKER: Audit events created (P1 only)","invocations":1,"location":null,"numPassingAsserts":8,"retryReasons":[],"startAt":1767062672866,"status":"passed","title":"BLOCKER: Audit events created (P1 only)"},{"ancestorTitles":["LOT 5.1 - RGPD Export (BLOCKER)"],"duration":371,"failing":false,"failureDetails":[],"failureMessages":[],"fullName":"LOT 5.1 - RGPD Export (BLOCKER) BLOCKER: Export bundle format is stable and complete","invocations":1,"location":null,"numPassingAsserts":13,"retryReasons":[],"startAt":1767062673063,"status":"passed","title":"BLOCKER: Export bundle format is stable and complete"}],"endTime":1767062673466,"message":"","name":"C:\\workspace\\ia-tools\\rgpd-ia-platform\\rgpd-ia-platform\\tests\\rgpd.export.test.ts","startTime":1767062668814,"status":"passed","summary":""},{"assertionResults":[{"ancestorTitles":["RGPD BLOCKER: RLS policies for consents table"],"duration":15,"failing":false,"failureDetails":[],"failureMessages":[],"fullName":"RGPD BLOCKER: RLS policies for consents table BLOCKER: RLS enforces tenant isolation on SELECT (tenant A)","invocations":1,"location":null,"numPassingAsserts":3,"retryReasons":[],"startAt":1767062672221,"status":"passed","title":"BLOCKER: RLS enforces tenant isolation on SELECT (tenant A)"},{"ancestorTitles":["RGPD BLOCKER: RLS policies for consents table"],"duration":18,"failing":false,"failureDetails":[],"failureMessages":[],"fullName":"RGPD BLOCKER: RLS policies for consents table BLOCKER: RLS enforces tenant isolation on SELECT (tenant B)","invocations":1,"location":null,"numPassingAsserts":3,"retryReasons":[],"startAt":1767062672238,"status":"passed","title":"BLOCKER: RLS enforces tenant isolation on SELECT (tenant B)"},{"ancestorTitles":["RGPD BLOCKER: RLS policies for consents table"],"duration":50,"failing":false,"failureDetails":[],"failureMessages":[],"fullName":"RGPD BLOCKER: RLS policies for consents table BLOCKER: RLS blocks INSERT into other tenant (cross-tenant write)","invocations":1,"location":null,"numPassingAsserts":1,"retryReasons":[],"startAt":1767062672256,"status":"passed","title":"BLOCKER: RLS blocks INSERT into other tenant (cross-tenant write)"},{"ancestorTitles":["RGPD BLOCKER: RLS policies for consents table"],"duration":7,"failing":false,"failureDetails":[],"failureMessages":[],"fullName":"RGPD BLOCKER: RLS policies for consents table BLOCKER: RLS blocks UPDATE of other tenant rows","invocations":1,"location":null,"numPassingAsserts":1,"retryReasons":[],"startAt":1767062672307,"status":"passed","title":"BLOCKER: RLS blocks UPDATE of other tenant rows"},{"ancestorTitles":["RGPD BLOCKER: RLS policies for consents table"],"duration":10,"failing":false,"failureDetails":[],"failureMessages":[],"fullName":"RGPD BLOCKER: RLS policies for consents table BLOCKER: RLS blocks DELETE of other tenant rows","invocations":1,"location":null,"numPassingAsserts":1,"retryReasons":[],"startAt":1767062672315,"status":"passed","title":"BLOCKER: RLS blocks DELETE of other tenant rows"},{"ancestorTitles":["RGPD BLOCKER: RLS policies for consents table"],"duration":9,"failing":false,"failureDetails":[],"failureMessages":[],"fullName":"RGPD BLOCKER: RLS policies for consents table BLOCKER: RLS without tenant context blocks ALL access","invocations":1,"location":null,"numPassingAsserts":1,"retryReasons":[],"startAt":1767062672325,"status":"passed","title":"BLOCKER: RLS without tenant context blocks ALL access"},{"ancestorTitles":["RGPD BLOCKER: RLS policies for ai_jobs table"],"duration":39,"failing":false,"failureDetails":[],"failureMessages":[],"fullName":"RGPD BLOCKER: RLS policies for ai_jobs table BLOCKER: RLS enforces tenant isolation on ai_jobs SELECT","invocations":1,"location":null,"numPassingAsserts":2,"retryReasons":[],"startAt":1767062672499,"status":"passed","title":"BLOCKER: RLS enforces tenant isolation on ai_jobs SELECT"},{"ancestorTitles":["RGPD BLOCKER: RLS policies for ai_jobs table"],"duration":27,"failing":false,"failureDetails":[],"failureMessages":[],"fullName":"RGPD BLOCKER: RLS policies for ai_jobs table BLOCKER: RLS blocks cross-tenant ai_jobs INSERT","invocations":1,"location":null,"numPassingAsserts":1,"retryReasons":[],"startAt":1767062672538,"status":"passed","title":"BLOCKER: RLS blocks cross-tenant ai_jobs INSERT"},{"ancestorTitles":["RGPD BLOCKER: RLS policies for ai_jobs table"],"duration":41,"failing":false,"failureDetails":[],"failureMessages":[],"fullName":"RGPD BLOCKER: RLS policies for ai_jobs table BLOCKER: RLS blocks cross-tenant ai_jobs UPDATE","invocations":1,"location":null,"numPassingAsserts":1,"retryReasons":[],"startAt":1767062672565,"status":"passed","title":"BLOCKER: RLS blocks cross-tenant ai_jobs UPDATE"},{"ancestorTitles":["RGPD BLOCKER: RLS policies for audit_events table"],"duration":29,"failing":false,"failureDetails":[],"failureMessages":[],"fullName":"RGPD BLOCKER: RLS policies for audit_events table BLOCKER: RLS enforces tenant isolation on audit_events SELECT","invocations":1,"location":null,"numPassingAsserts":2,"retryReasons":[],"startAt":1767062672889,"status":"passed","title":"BLOCKER: RLS enforces tenant isolation on audit_events SELECT"},{"ancestorTitles":["RGPD BLOCKER: RLS policies for audit_events table"],"duration":83,"failing":false,"failureDetails":[],"failureMessages":[],"fullName":"RGPD BLOCKER: RLS policies for audit_events table BLOCKER: RLS allows platform context to see all audit events","invocations":1,"location":null,"numPassingAsserts":3,"retryReasons":[],"startAt":1767062672918,"status":"passed","title":"BLOCKER: RLS allows platform context to see all audit events"},{"ancestorTitles":["RGPD BLOCKER: RLS policies for audit_events table"],"duration":93,"failing":false,"failureDetails":[],"failureMessages":[],"fullName":"RGPD BLOCKER: RLS policies for audit_events table BLOCKER: RLS allows INSERT audit events from any context (logging must always work)","invocations":1,"location":null,"numPassingAsserts":1,"retryReasons":[],"startAt":1767062673001,"status":"passed","title":"BLOCKER: RLS allows INSERT audit events from any context (logging must always work)"},{"ancestorTitles":["RGPD BLOCKER: RLS policies for rgpd_requests table"],"duration":37,"failing":false,"failureDetails":[],"failureMessages":[],"fullName":"RGPD BLOCKER: RLS policies for rgpd_requests table BLOCKER: RLS enforces tenant isolation on rgpd_requests SELECT","invocations":1,"location":null,"numPassingAsserts":2,"retryReasons":[],"startAt":1767062673290,"status":"passed","title":"BLOCKER: RLS enforces tenant isolation on rgpd_requests SELECT"},{"ancestorTitles":["RGPD BLOCKER: RLS policies for rgpd_requests table"],"duration":34,"failing":false,"failureDetails":[],"failureMessages":[],"fullName":"RGPD BLOCKER: RLS policies for rgpd_requests table BLOCKER: RLS blocks cross-tenant rgpd_requests INSERT","invocations":1,"location":null,"numPassingAsserts":1,"retryReasons":[],"startAt":1767062673327,"status":"passed","title":"BLOCKER: RLS blocks cross-tenant rgpd_requests INSERT"},{"ancestorTitles":["RGPD BLOCKER: RLS policies for users table (tenant scope)"],"duration":11,"failing":false,"failureDetails":[],"failureMessages":[],"fullName":"RGPD BLOCKER: RLS policies for users table (tenant scope) BLOCKER: RLS allows tenant A to see platform users + own tenant users","invocations":1,"location":null,"numPassingAsserts":3,"retryReasons":[],"startAt":1767062673449,"status":"passed","title":"BLOCKER: RLS allows tenant A to see platform users + own tenant users"},{"ancestorTitles":["RGPD BLOCKER: RLS policies for users table (tenant scope)"],"duration":19,"failing":false,"failureDetails":[],"failureMessages":[],"fullName":"RGPD BLOCKER: RLS policies for users table (tenant scope) BLOCKER: RLS blocks cross-tenant user INSERT","invocations":1,"location":null,"numPassingAsserts":1,"retryReasons":[],"startAt":1767062673460,"status":"passed","title":"BLOCKER: RLS blocks cross-tenant user INSERT"},{"ancestorTitles":["RGPD BLOCKER: RLS policies for users table (tenant scope)"],"duration":28,"failing":false,"failureDetails":[],"failureMessages":[],"fullName":"RGPD BLOCKER: RLS policies for users table (tenant scope) BLOCKER: RLS blocks cross-tenant user UPDATE","invocations":1,"location":null,"numPassingAsserts":1,"retryReasons":[],"startAt":1767062673479,"status":"passed","title":"BLOCKER: RLS blocks cross-tenant user UPDATE"}],"endTime":1767062673532,"message":"","name":"C:\\workspace\\ia-tools\\rgpd-ia-platform\\rgpd-ia-platform\\tests\\db.rls-policies.test.ts","startTime":1767062671915,"status":"passed","summary":""},{"assertionResults":[{"ancestorTitles":["LOT 6.1 BLOCKER: Metrics RGPD-Safe"],"duration":30,"failing":false,"failureDetails":[],"failureMessages":[],"fullName":"LOT 6.1 BLOCKER: Metrics RGPD-Safe BLOCKER: HTTP metrics use ONLY P0/P1 labels (no sensitive data)","invocations":1,"location":null,"numPassingAsserts":5,"retryReasons":[],"startAt":1767062673667,"status":"passed","title":"BLOCKER: HTTP metrics use ONLY P0/P1 labels (no sensitive data)"},{"ancestorTitles":["LOT 6.1 BLOCKER: Metrics RGPD-Safe"],"duration":2,"failing":false,"failureDetails":[],"failureMessages":[],"fullName":"LOT 6.1 BLOCKER: Metrics RGPD-Safe BLOCKER: metric labels do NOT include user IDs","invocations":1,"location":null,"numPassingAsserts":2,"retryReasons":[],"startAt":1767062673699,"status":"passed","title":"BLOCKER: metric labels do NOT include user IDs"},{"ancestorTitles":["LOT 6.1 BLOCKER: Metrics RGPD-Safe"],"duration":4,"failing":false,"failureDetails":[],"failureMessages":[],"fullName":"LOT 6.1 BLOCKER: Metrics RGPD-Safe BLOCKER: metric labels do NOT include tenant IDs","invocations":1,"location":null,"numPassingAsserts":2,"retryReasons":[],"startAt":1767062673701,"status":"passed","title":"BLOCKER: metric labels do NOT include tenant IDs"},{"ancestorTitles":["LOT 6.1 BLOCKER: Metrics RGPD-Safe"],"duration":2,"failing":false,"failureDetails":[],"failureMessages":[],"fullName":"LOT 6.1 BLOCKER: Metrics RGPD-Safe BLOCKER: metric labels do NOT include email addresses","invocations":1,"location":null,"numPassingAsserts":2,"retryReasons":[],"startAt":1767062673705,"status":"passed","title":"BLOCKER: metric labels do NOT include email addresses"},{"ancestorTitles":["LOT 6.1 BLOCKER: Metrics RGPD-Safe"],"duration":5,"failing":false,"failureDetails":[],"failureMessages":[],"fullName":"LOT 6.1 BLOCKER: Metrics RGPD-Safe BLOCKER: metric labels use ONLY allowed dimensions (P0/P1)","invocations":1,"location":null,"numPassingAsserts":10,"retryReasons":[],"startAt":1767062673707,"status":"passed","title":"BLOCKER: metric labels use ONLY allowed dimensions (P0/P1)"},{"ancestorTitles":["LOT 6.1 BLOCKER: Metrics RGPD-Safe"],"duration":2,"failing":false,"failureDetails":[],"failureMessages":[],"fullName":"LOT 6.1 BLOCKER: Metrics RGPD-Safe BLOCKER: path sanitization removes UUIDs (prevent cardinality explosion)","invocations":1,"location":null,"numPassingAsserts":6,"retryReasons":[],"startAt":1767062673713,"status":"passed","title":"BLOCKER: path sanitization removes UUIDs (prevent cardinality explosion)"},{"ancestorTitles":["LOT 6.1 BLOCKER: Metrics RGPD-Safe"],"duration":3,"failing":false,"failureDetails":[],"failureMessages":[],"fullName":"LOT 6.1 BLOCKER: Metrics RGPD-Safe BLOCKER: path sanitization removes numeric IDs","invocations":1,"location":null,"numPassingAsserts":4,"retryReasons":[],"startAt":1767062673715,"status":"passed","title":"BLOCKER: path sanitization removes numeric IDs"},{"ancestorTitles":["LOT 6.1 COMPLIANCE: Metrics Aggregation & Anonymization"],"duration":5,"failing":false,"failureDetails":[],"failureMessages":[],"fullName":"LOT 6.1 COMPLIANCE: Metrics Aggregation & Anonymization COMPLIANCE: metrics are aggregated (counts, not individual events)","invocations":1,"location":null,"numPassingAsserts":5,"retryReasons":[],"startAt":1767062673719,"status":"passed","title":"COMPLIANCE: metrics are aggregated (counts, not individual events)"},{"ancestorTitles":["LOT 6.1 COMPLIANCE: Metrics Aggregation & Anonymization"],"duration":2,"failing":false,"failureDetails":[],"failureMessages":[],"fullName":"LOT 6.1 COMPLIANCE: Metrics Aggregation & Anonymization COMPLIANCE: histogram shows percentiles (not individual values)","invocations":1,"location":null,"numPassingAsserts":6,"retryReasons":[],"startAt":1767062673725,"status":"passed","title":"COMPLIANCE: histogram shows percentiles (not individual values)"},{"ancestorTitles":["LOT 6.1 COMPLIANCE: Metrics Aggregation & Anonymization"],"duration":2,"failing":false,"failureDetails":[],"failureMessages":[],"fullName":"LOT 6.1 COMPLIANCE: Metrics Aggregation & Anonymization COMPLIANCE: metrics snapshot includes timestamp (P0)","invocations":1,"location":null,"numPassingAsserts":3,"retryReasons":[],"startAt":1767062673727,"status":"passed","title":"COMPLIANCE: metrics snapshot includes timestamp (P0)"},{"ancestorTitles":["LOT 6.1 COMPLIANCE: Metrics Aggregation & Anonymization"],"duration":2,"failing":false,"failureDetails":[],"failureMessages":[],"fullName":"LOT 6.1 COMPLIANCE: Metrics Aggregation & Anonymization COMPLIANCE: error metrics do NOT include error messages (may contain PII)","invocations":1,"location":null,"numPassingAsserts":3,"retryReasons":[],"startAt":1767062673729,"status":"passed","title":"COMPLIANCE: error metrics do NOT include error messages (may contain PII)"},{"ancestorTitles":["LOT 6.1 PRODUCTION: Metrics Endpoint Security"],"duration":2,"failing":false,"failureDetails":[],"failureMessages":[],"fullName":"LOT 6.1 PRODUCTION: Metrics Endpoint Security PRODUCTION: /api/metrics endpoint exposes ONLY aggregated data","invocations":1,"location":null,"numPassingAsserts":7,"retryReasons":[],"startAt":1767062673731,"status":"passed","title":"PRODUCTION: /api/metrics endpoint exposes ONLY aggregated data"},{"ancestorTitles":["LOT 6.1 PRODUCTION: Metrics Endpoint Security"],"duration":1,"failing":false,"failureDetails":[],"failureMessages":[],"fullName":"LOT 6.1 PRODUCTION: Metrics Endpoint Security PRODUCTION: metrics can be scraped by Prometheus (future LOT 6.2)","invocations":1,"location":null,"numPassingAsserts":4,"retryReasons":[],"startAt":1767062673734,"status":"passed","title":"PRODUCTION: metrics can be scraped by Prometheus (future LOT 6.2)"},{"ancestorTitles":["LOT 6.1 RGPD: Metrics Data Classification"],"duration":3,"failing":false,"failureDetails":[],"failureMessages":[],"fullName":"LOT 6.1 RGPD: Metrics Data Classification RGPD: all metric labels are P0 or P1 (technical data only)","invocations":1,"location":null,"numPassingAsserts":8,"retryReasons":[],"startAt":1767062673735,"status":"passed","title":"RGPD: all metric labels are P0 or P1 (technical data only)"},{"ancestorTitles":["LOT 6.1 RGPD: Metrics Data Classification"],"duration":0,"failing":false,"failureDetails":[],"failureMessages":[],"fullName":"LOT 6.1 RGPD: Metrics Data Classification RGPD: metrics retention aligns with policy (90 days max)","invocations":1,"location":null,"numPassingAsserts":2,"retryReasons":[],"startAt":1767062673739,"status":"passed","title":"RGPD: metrics retention aligns with policy (90 days max)"},{"ancestorTitles":["LOT 6.1 RGPD: Metrics Data Classification"],"duration":2,"failing":false,"failureDetails":[],"failureMessages":[],"fullName":"LOT 6.1 RGPD: Metrics Data Classification RGPD: metrics can be reset (no persistent storage by default)","invocations":1,"location":null,"numPassingAsserts":11,"retryReasons":[],"startAt":1767062673740,"status":"passed","title":"RGPD: metrics can be reset (no persistent storage by default)"}],"endTime":1767062673745,"message":"","name":"C:\\workspace\\ia-tools\\rgpd-ia-platform\\rgpd-ia-platform\\tests\\metrics.rgpd-safe.test.ts","startTime":1767062673283,"status":"passed","summary":""},{"assertionResults":[{"ancestorTitles":[],"duration":27,"failing":false,"failureDetails":[],"failureMessages":[],"fullName":"bootstrap superadmin is non-replayable","invocations":1,"location":null,"numPassingAsserts":3,"retryReasons":[],"startAt":1767062673739,"status":"passed","title":"bootstrap superadmin is non-replayable"},{"ancestorTitles":[],"duration":6,"failing":false,"failureDetails":[],"failureMessages":[],"fullName":"tenant creation requires platform or bootstrap system","invocations":1,"location":null,"numPassingAsserts":2,"retryReasons":[],"startAt":1767062673767,"status":"passed","title":"tenant creation requires platform or bootstrap system"},{"ancestorTitles":[],"duration":5,"failing":false,"failureDetails":[],"failureMessages":[],"fullName":"tenant slug duplicate is rejected","invocations":1,"location":null,"numPassingAsserts":1,"retryReasons":[],"startAt":1767062673773,"status":"passed","title":"tenant slug duplicate is rejected"},{"ancestorTitles":[],"duration":10,"failing":false,"failureDetails":[],"failureMessages":[],"fullName":"tenant admin requires existing tenant and correct scope","invocations":1,"location":null,"numPassingAsserts":3,"retryReasons":[],"startAt":1767062673779,"status":"passed","title":"tenant admin requires existing tenant and correct scope"}],"endTime":1767062673796,"message":"","name":"C:\\workspace\\ia-tools\\rgpd-ia-platform\\rgpd-ia-platform\\tests\\rgpd.bootstrap.usecase.test.ts","startTime":1767062673322,"status":"passed","summary":""},{"assertionResults":[{"ancestorTitles":["LOT 5.0 - Consent Enforcement (RGPD BLOCKER)"],"duration":44,"failing":false,"failureDetails":[],"failureMessages":[],"fullName":"LOT 5.0 - Consent Enforcement (RGPD BLOCKER) BLOCKER: AI call rejected without consent","invocations":1,"location":null,"numPassingAsserts":2,"retryReasons":[],"startAt":1767062673413,"status":"passed","title":"BLOCKER: AI call rejected without consent"},{"ancestorTitles":["LOT 5.0 - Consent Enforcement (RGPD BLOCKER)"],"duration":68,"failing":false,"failureDetails":[],"failureMessages":[],"fullName":"LOT 5.0 - Consent Enforcement (RGPD BLOCKER) BLOCKER: AI call allowed WITH consent","invocations":1,"location":null,"numPassingAsserts":2,"retryReasons":[],"startAt":1767062673458,"status":"passed","title":"BLOCKER: AI call allowed WITH consent"},{"ancestorTitles":["LOT 5.0 - Consent Enforcement (RGPD BLOCKER)"],"duration":183,"failing":false,"failureDetails":[],"failureMessages":[],"fullName":"LOT 5.0 - Consent Enforcement (RGPD BLOCKER) BLOCKER: AI call rejected AFTER revoke (immediate effect)","invocations":1,"location":null,"numPassingAsserts":2,"retryReasons":[],"startAt":1767062673526,"status":"passed","title":"BLOCKER: AI call rejected AFTER revoke (immediate effect)"},{"ancestorTitles":["LOT 5.0 - Consent Enforcement (RGPD BLOCKER)"],"duration":44,"failing":false,"failureDetails":[],"failureMessages":[],"fullName":"LOT 5.0 - Consent Enforcement (RGPD BLOCKER) BLOCKER: Audit events created for consent grant","invocations":1,"location":null,"numPassingAsserts":8,"retryReasons":[],"startAt":1767062673709,"status":"passed","title":"BLOCKER: Audit events created for consent grant"},{"ancestorTitles":["LOT 5.0 - Consent Enforcement (RGPD BLOCKER)"],"duration":54,"failing":false,"failureDetails":[],"failureMessages":[],"fullName":"LOT 5.0 - Consent Enforcement (RGPD BLOCKER) BLOCKER: Audit events created for consent revoke","invocations":1,"location":null,"numPassingAsserts":8,"retryReasons":[],"startAt":1767062673753,"status":"passed","title":"BLOCKER: Audit events created for consent revoke"},{"ancestorTitles":["LOT 5.0 - Consent Enforcement (RGPD BLOCKER)"],"duration":81,"failing":false,"failureDetails":[],"failureMessages":[],"fullName":"LOT 5.0 - Consent Enforcement (RGPD BLOCKER) BLOCKER: Cross-tenant consent isolation","invocations":1,"location":null,"numPassingAsserts":1,"retryReasons":[],"startAt":1767062673808,"status":"passed","title":"BLOCKER: Cross-tenant consent isolation"},{"ancestorTitles":["LOT 5.0 - Consent Enforcement (RGPD BLOCKER)"],"duration":29,"failing":false,"failureDetails":[],"failureMessages":[],"fullName":"LOT 5.0 - Consent Enforcement (RGPD BLOCKER) BLOCKER: Consent enforcement at Gateway level (not bypassable)","invocations":1,"location":null,"numPassingAsserts":1,"retryReasons":[],"startAt":1767062673889,"status":"passed","title":"BLOCKER: Consent enforcement at Gateway level (not bypassable)"}],"endTime":1767062673966,"message":"","name":"C:\\workspace\\ia-tools\\rgpd-ia-platform\\rgpd-ia-platform\\tests\\rgpd.consent-enforcement.test.ts","startTime":1767062672075,"status":"passed","summary":""},{"assertionResults":[{"ancestorTitles":["LOT 6.0 BLOCKER: Docker Ports Exposure"],"duration":4,"failing":false,"failureDetails":[],"failureMessages":[],"fullName":"LOT 6.0 BLOCKER: Docker Ports Exposure BLOCKER: database port 5432 is NOT exposed to host","invocations":1,"location":null,"numPassingAsserts":4,"retryReasons":[],"startAt":1767062674215,"status":"passed","title":"BLOCKER: database port 5432 is NOT exposed to host"},{"ancestorTitles":["LOT 6.0 BLOCKER: Docker Ports Exposure"],"duration":1,"failing":false,"failureDetails":[],"failureMessages":[],"fullName":"LOT 6.0 BLOCKER: Docker Ports Exposure BLOCKER: Ollama port 11434 is NOT exposed to host","invocations":1,"location":null,"numPassingAsserts":4,"retryReasons":[],"startAt":1767062674220,"status":"passed","title":"BLOCKER: Ollama port 11434 is NOT exposed to host"},{"ancestorTitles":["LOT 6.0 BLOCKER: Docker Ports Exposure"],"duration":2,"failing":false,"failureDetails":[],"failureMessages":[],"fullName":"LOT 6.0 BLOCKER: Docker Ports Exposure BLOCKER: app port 3000 is NOT exposed to host","invocations":1,"location":null,"numPassingAsserts":4,"retryReasons":[],"startAt":1767062674221,"status":"passed","title":"BLOCKER: app port 3000 is NOT exposed to host"},{"ancestorTitles":["LOT 6.0 BLOCKER: Docker Ports Exposure"],"duration":2,"failing":false,"failureDetails":[],"failureMessages":[],"fullName":"LOT 6.0 BLOCKER: Docker Ports Exposure BLOCKER: ONLY reverse-proxy exposes ports (80 + 443)","invocations":1,"location":null,"numPassingAsserts":8,"retryReasons":[],"startAt":1767062674223,"status":"passed","title":"BLOCKER: ONLY reverse-proxy exposes ports (80 + 443)"},{"ancestorTitles":["LOT 6.0 BLOCKER: Docker Ports Exposure"],"duration":4,"failing":false,"failureDetails":[],"failureMessages":[],"fullName":"LOT 6.0 BLOCKER: Docker Ports Exposure BLOCKER: no common dangerous ports exposed","invocations":1,"location":null,"numPassingAsserts":20,"retryReasons":[],"startAt":1767062674225,"status":"passed","title":"BLOCKER: no common dangerous ports exposed"},{"ancestorTitles":["LOT 6.0 BLOCKER: Docker Ports Exposure"],"duration":1,"failing":false,"failureDetails":[],"failureMessages":[],"fullName":"LOT 6.0 BLOCKER: Docker Ports Exposure BLOCKER: total exposed ports count is exactly 2","invocations":1,"location":null,"numPassingAsserts":1,"retryReasons":[],"startAt":1767062674229,"status":"passed","title":"BLOCKER: total exposed ports count is exactly 2"},{"ancestorTitles":["LOT 6.0 BLOCKER: Docker Ports Exposure"],"duration":3,"failing":false,"failureDetails":[],"failureMessages":[],"fullName":"LOT 6.0 BLOCKER: Docker Ports Exposure BLOCKER: port mappings are explicit (host:container format)","invocations":1,"location":null,"numPassingAsserts":4,"retryReasons":[],"startAt":1767062674246,"status":"passed","title":"BLOCKER: port mappings are explicit (host:container format)"},{"ancestorTitles":["LOT 6.0 BLOCKER: Docker Ports Exposure"],"duration":1,"failing":false,"failureDetails":[],"failureMessages":[],"fullName":"LOT 6.0 BLOCKER: Docker Ports Exposure BLOCKER: services use EXPOSE in Dockerfile (not ports)","invocations":1,"location":null,"numPassingAsserts":3,"retryReasons":[],"startAt":1767062674249,"status":"passed","title":"BLOCKER: services use EXPOSE in Dockerfile (not ports)"},{"ancestorTitles":["LOT 6.0 BLOCKER: Docker Ports Exposure"],"duration":1,"failing":false,"failureDetails":[],"failureMessages":[],"fullName":"LOT 6.0 BLOCKER: Docker Ports Exposure BLOCKER: reverse-proxy depends on app (healthcheck)","invocations":1,"location":null,"numPassingAsserts":3,"retryReasons":[],"startAt":1767062674250,"status":"passed","title":"BLOCKER: reverse-proxy depends on app (healthcheck)"},{"ancestorTitles":["LOT 6.0 SECURITY: Port Binding & Network Access"],"duration":1,"failing":false,"failureDetails":[],"failureMessages":[],"fullName":"LOT 6.0 SECURITY: Port Binding & Network Access SECURITY: services bind to internal IPs only (not 0.0.0.0)","invocations":1,"location":null,"numPassingAsserts":4,"retryReasons":[],"startAt":1767062674301,"status":"passed","title":"SECURITY: services bind to internal IPs only (not 0.0.0.0)"},{"ancestorTitles":["LOT 6.0 SECURITY: Port Binding & Network Access"],"duration":1,"failing":false,"failureDetails":[],"failureMessages":[],"fullName":"LOT 6.0 SECURITY: Port Binding & Network Access SECURITY: no UDP ports exposed (attack surface reduction)","invocations":1,"location":null,"numPassingAsserts":2,"retryReasons":[],"startAt":1767062674302,"status":"passed","title":"SECURITY: no UDP ports exposed (attack surface reduction)"},{"ancestorTitles":["LOT 6.0 SECURITY: Port Binding & Network Access"],"duration":2,"failing":false,"failureDetails":[],"failureMessages":[],"fullName":"LOT 6.0 SECURITY: Port Binding & Network Access SECURITY: all internal services have NO ports section","invocations":1,"location":null,"numPassingAsserts":6,"retryReasons":[],"startAt":1767062674303,"status":"passed","title":"SECURITY: all internal services have NO ports section"},{"ancestorTitles":["LOT 6.0 SECURITY: Port Binding & Network Access"],"duration":1,"failing":false,"failureDetails":[],"failureMessages":[],"fullName":"LOT 6.0 SECURITY: Port Binding & Network Access SECURITY: reverse-proxy ports are standard (80/443 only)","invocations":1,"location":null,"numPassingAsserts":5,"retryReasons":[],"startAt":1767062674305,"status":"passed","title":"SECURITY: reverse-proxy ports are standard (80/443 only)"},{"ancestorTitles":["LOT 6.0 SECURITY: Port Binding & Network Access"],"duration":1,"failing":false,"failureDetails":[],"failureMessages":[],"fullName":"LOT 6.0 SECURITY: Port Binding & Network Access SECURITY: healthchecks use internal URLs (not exposed ports)","invocations":1,"location":null,"numPassingAsserts":5,"retryReasons":[],"startAt":1767062674307,"status":"passed","title":"SECURITY: healthchecks use internal URLs (not exposed ports)"},{"ancestorTitles":["LOT 6.0 PRODUCTION READINESS: Port Configuration"],"duration":2,"failing":false,"failureDetails":[],"failureMessages":[],"fullName":"LOT 6.0 PRODUCTION READINESS: Port Configuration PRODUCTION: no development ports exposed (3000, 5173, etc.)","invocations":1,"location":null,"numPassingAsserts":10,"retryReasons":[],"startAt":1767062674362,"status":"passed","title":"PRODUCTION: no development ports exposed (3000, 5173, etc.)"},{"ancestorTitles":["LOT 6.0 PRODUCTION READINESS: Port Configuration"],"duration":1,"failing":false,"failureDetails":[],"failureMessages":[],"fullName":"LOT 6.0 PRODUCTION READINESS: Port Configuration PRODUCTION: services use production ports internally","invocations":1,"location":null,"numPassingAsserts":3,"retryReasons":[],"startAt":1767062674364,"status":"passed","title":"PRODUCTION: services use production ports internally"},{"ancestorTitles":["LOT 6.0 PRODUCTION READINESS: Port Configuration"],"duration":1,"failing":false,"failureDetails":[],"failureMessages":[],"fullName":"LOT 6.0 PRODUCTION READINESS: Port Configuration PRODUCTION: reverse-proxy uses standard SSL port (443)","invocations":1,"location":null,"numPassingAsserts":3,"retryReasons":[],"startAt":1767062674365,"status":"passed","title":"PRODUCTION: reverse-proxy uses standard SSL port (443)"}],"endTime":1767062674369,"message":"","name":"C:\\workspace\\ia-tools\\rgpd-ia-platform\\rgpd-ia-platform\\tests\\docker.ports-exposure.test.ts","startTime":1767062673803,"status":"passed","summary":""},{"assertionResults":[{"ancestorTitles":["LLM Policy Enforcement (LLM_USAGE_POLICY.md)","Allowed Use Cases (§2)","A. Transformation (Low Risk)"],"duration":5,"failing":false,"failureDetails":[],"failureMessages":[],"fullName":"LLM Policy Enforcement (LLM_USAGE_POLICY.md) Allowed Use Cases (§2) A. Transformation (Low Risk) REFORMULATION use case is allowed","invocations":1,"location":null,"numPassingAsserts":4,"retryReasons":[],"startAt":1767062674278,"status":"passed","title":"REFORMULATION use case is allowed"},{"ancestorTitles":["LLM Policy Enforcement (LLM_USAGE_POLICY.md)","Allowed Use Cases (§2)","A. Transformation (Low Risk)"],"duration":1,"failing":false,"failureDetails":[],"failureMessages":[],"fullName":"LLM Policy Enforcement (LLM_USAGE_POLICY.md) Allowed Use Cases (§2) A. Transformation (Low Risk) SUMMARY use case is allowed","invocations":1,"location":null,"numPassingAsserts":2,"retryReasons":[],"startAt":1767062674285,"status":"passed","title":"SUMMARY use case is allowed"},{"ancestorTitles":["LLM Policy Enforcement (LLM_USAGE_POLICY.md)","Allowed Use Cases (§2)","A. Transformation (Low Risk)"],"duration":2,"failing":false,"failureDetails":[],"failureMessages":[],"fullName":"LLM Policy Enforcement (LLM_USAGE_POLICY.md) Allowed Use Cases (§2) A. Transformation (Low Risk) TEXT_NORMALIZATION use case is allowed","invocations":1,"location":null,"numPassingAsserts":2,"retryReasons":[],"startAt":1767062674286,"status":"passed","title":"TEXT_NORMALIZATION use case is allowed"},{"ancestorTitles":["LLM Policy Enforcement (LLM_USAGE_POLICY.md)","Allowed Use Cases (§2)","A. Transformation (Low Risk)"],"duration":2,"failing":false,"failureDetails":[],"failureMessages":[],"fullName":"LLM Policy Enforcement (LLM_USAGE_POLICY.md) Allowed Use Cases (§2) A. Transformation (Low Risk) PII_ANONYMIZATION use case is allowed (LOT 8.0)","invocations":1,"location":null,"numPassingAsserts":3,"retryReasons":[],"startAt":1767062674289,"status":"passed","title":"PII_ANONYMIZATION use case is allowed (LOT 8.0)"},{"ancestorTitles":["LLM Policy Enforcement (LLM_USAGE_POLICY.md)","Allowed Use Cases (§2)","A. Transformation (Low Risk)"],"duration":2,"failing":false,"failureDetails":[],"failureMessages":[],"fullName":"LLM Policy Enforcement (LLM_USAGE_POLICY.md) Allowed Use Cases (§2) A. Transformation (Low Risk) Transformation use cases do NOT require human validation","invocations":1,"location":null,"numPassingAsserts":3,"retryReasons":[],"startAt":1767062674291,"status":"passed","title":"Transformation use cases do NOT require human validation"},{"ancestorTitles":["LLM Policy Enforcement (LLM_USAGE_POLICY.md)","Allowed Use Cases (§2)","A. Transformation (Low Risk)"],"duration":2,"failing":false,"failureDetails":[],"failureMessages":[],"fullName":"LLM Policy Enforcement (LLM_USAGE_POLICY.md) Allowed Use Cases (§2) A. Transformation (Low Risk) Transformation use cases enforcement does not throw","invocations":1,"location":null,"numPassingAsserts":2,"retryReasons":[],"startAt":1767062674293,"status":"passed","title":"Transformation use cases enforcement does not throw"},{"ancestorTitles":["LLM Policy Enforcement (LLM_USAGE_POLICY.md)","Allowed Use Cases (§2)","B. Classification (Moderate Risk)"],"duration":10,"failing":false,"failureDetails":[],"failureMessages":[],"fullName":"LLM Policy Enforcement (LLM_USAGE_POLICY.md) Allowed Use Cases (§2) B. Classification (Moderate Risk) CATEGORIZATION use case is allowed","invocations":1,"location":null,"numPassingAsserts":3,"retryReasons":[],"startAt":1767062674304,"status":"passed","title":"CATEGORIZATION use case is allowed"},{"ancestorTitles":["LLM Policy Enforcement (LLM_USAGE_POLICY.md)","Allowed Use Cases (§2)","B. Classification (Moderate Risk)"],"duration":1,"failing":false,"failureDetails":[],"failureMessages":[],"fullName":"LLM Policy Enforcement (LLM_USAGE_POLICY.md) Allowed Use Cases (§2) B. Classification (Moderate Risk) DOCUMENT_TYPE_DETECTION use case is allowed","invocations":1,"location":null,"numPassingAsserts":2,"retryReasons":[],"startAt":1767062674321,"status":"passed","title":"DOCUMENT_TYPE_DETECTION use case is allowed"},{"ancestorTitles":["LLM Policy Enforcement (LLM_USAGE_POLICY.md)","Allowed Use Cases (§2)","B. Classification (Moderate Risk)"],"duration":1,"failing":false,"failureDetails":[],"failureMessages":[],"fullName":"LLM Policy Enforcement (LLM_USAGE_POLICY.md) Allowed Use Cases (§2) B. Classification (Moderate Risk) NON_DECISIONAL_SCORING use case is allowed","invocations":1,"location":null,"numPassingAsserts":3,"retryReasons":[],"startAt":1767062674323,"status":"passed","title":"NON_DECISIONAL_SCORING use case is allowed"},{"ancestorTitles":["LLM Policy Enforcement (LLM_USAGE_POLICY.md)","Allowed Use Cases (§2)","B. Classification (Moderate Risk)"],"duration":1,"failing":false,"failureDetails":[],"failureMessages":[],"fullName":"LLM Policy Enforcement (LLM_USAGE_POLICY.md) Allowed Use Cases (§2) B. Classification (Moderate Risk) Classification use cases do NOT require human validation","invocations":1,"location":null,"numPassingAsserts":2,"retryReasons":[],"startAt":1767062674325,"status":"passed","title":"Classification use cases do NOT require human validation"},{"ancestorTitles":["LLM Policy Enforcement (LLM_USAGE_POLICY.md)","Allowed Use Cases (§2)","C. Extraction (Moderate Risk)"],"duration":1,"failing":false,"failureDetails":[],"failureMessages":[],"fullName":"LLM Policy Enforcement (LLM_USAGE_POLICY.md) Allowed Use Cases (§2) C. Extraction (Moderate Risk) FIELD_EXTRACTION use case is allowed","invocations":1,"location":null,"numPassingAsserts":3,"retryReasons":[],"startAt":1767062674326,"status":"passed","title":"FIELD_EXTRACTION use case is allowed"},{"ancestorTitles":["LLM Policy Enforcement (LLM_USAGE_POLICY.md)","Allowed Use Cases (§2)","C. Extraction (Moderate Risk)"],"duration":2,"failing":false,"failureDetails":[],"failureMessages":[],"fullName":"LLM Policy Enforcement (LLM_USAGE_POLICY.md) Allowed Use Cases (§2) C. Extraction (Moderate Risk) CONTENT_STRUCTURING use case is allowed","invocations":1,"location":null,"numPassingAsserts":2,"retryReasons":[],"startAt":1767062674327,"status":"passed","title":"CONTENT_STRUCTURING use case is allowed"},{"ancestorTitles":["LLM Policy Enforcement (LLM_USAGE_POLICY.md)","Allowed Use Cases (§2)","D. Assisted Generation (High Risk)"],"duration":1,"failing":false,"failureDetails":[],"failureMessages":[],"fullName":"LLM Policy Enforcement (LLM_USAGE_POLICY.md) Allowed Use Cases (§2) D. Assisted Generation (High Risk) WRITING_ASSISTANCE use case is allowed","invocations":1,"location":null,"numPassingAsserts":3,"retryReasons":[],"startAt":1767062674329,"status":"passed","title":"WRITING_ASSISTANCE use case is allowed"},{"ancestorTitles":["LLM Policy Enforcement (LLM_USAGE_POLICY.md)","Allowed Use Cases (§2)","D. Assisted Generation (High Risk)"],"duration":1,"failing":false,"failureDetails":[],"failureMessages":[],"fullName":"LLM Policy Enforcement (LLM_USAGE_POLICY.md) Allowed Use Cases (§2) D. Assisted Generation (High Risk) SUGGESTIONS use case is allowed","invocations":1,"location":null,"numPassingAsserts":2,"retryReasons":[],"startAt":1767062674331,"status":"passed","title":"SUGGESTIONS use case is allowed"},{"ancestorTitles":["LLM Policy Enforcement (LLM_USAGE_POLICY.md)","Allowed Use Cases (§2)","D. Assisted Generation (High Risk)"],"duration":1,"failing":false,"failureDetails":[],"failureMessages":[],"fullName":"LLM Policy Enforcement (LLM_USAGE_POLICY.md) Allowed Use Cases (§2) D. Assisted Generation (High Risk) Assisted generation REQUIRES human validation","invocations":1,"location":null,"numPassingAsserts":2,"retryReasons":[],"startAt":1767062674332,"status":"passed","title":"Assisted generation REQUIRES human validation"},{"ancestorTitles":["LLM Policy Enforcement (LLM_USAGE_POLICY.md)","Allowed Use Cases (§2)","D. Assisted Generation (High Risk)"],"duration":1,"failing":false,"failureDetails":[],"failureMessages":[],"fullName":"LLM Policy Enforcement (LLM_USAGE_POLICY.md) Allowed Use Cases (§2) D. Assisted Generation (High Risk) High risk use cases still require consent","invocations":1,"location":null,"numPassingAsserts":2,"retryReasons":[],"startAt":1767062674333,"status":"passed","title":"High risk use cases still require consent"},{"ancestorTitles":["LLM Policy Enforcement (LLM_USAGE_POLICY.md)","Forbidden Use Cases (§3) - BLOCKER"],"duration":1,"failing":false,"failureDetails":[],"failureMessages":[],"fullName":"LLM Policy Enforcement (LLM_USAGE_POLICY.md) Forbidden Use Cases (§3) - BLOCKER BLOCKER: AUTOMATED_DECISION use case is rejected (Art. 22 RGPD)","invocations":1,"location":null,"numPassingAsserts":4,"retryReasons":[],"startAt":1767062674334,"status":"passed","title":"BLOCKER: AUTOMATED_DECISION use case is rejected (Art. 22 RGPD)"},{"ancestorTitles":["LLM Policy Enforcement (LLM_USAGE_POLICY.md)","Forbidden Use Cases (§3) - BLOCKER"],"duration":52,"failing":false,"failureDetails":[],"failureMessages":[],"fullName":"LLM Policy Enforcement (LLM_USAGE_POLICY.md) Forbidden Use Cases (§3) - BLOCKER BLOCKER: AUTOMATED_DECISION enforcement throws error","invocations":1,"location":null,"numPassingAsserts":2,"retryReasons":[],"startAt":1767062674336,"status":"passed","title":"BLOCKER: AUTOMATED_DECISION enforcement throws error"},{"ancestorTitles":["LLM Policy Enforcement (LLM_USAGE_POLICY.md)","Forbidden Use Cases (§3) - BLOCKER"],"duration":1,"failing":false,"failureDetails":[],"failureMessages":[],"fullName":"LLM Policy Enforcement (LLM_USAGE_POLICY.md) Forbidden Use Cases (§3) - BLOCKER BLOCKER: MEDICAL_DIAGNOSIS use case is rejected (Art. 9 RGPD)","invocations":1,"location":null,"numPassingAsserts":3,"retryReasons":[],"startAt":1767062674388,"status":"passed","title":"BLOCKER: MEDICAL_DIAGNOSIS use case is rejected (Art. 9 RGPD)"},{"ancestorTitles":["LLM Policy Enforcement (LLM_USAGE_POLICY.md)","Forbidden Use Cases (§3) - BLOCKER"],"duration":1,"failing":false,"failureDetails":[],"failureMessages":[],"fullName":"LLM Policy Enforcement (LLM_USAGE_POLICY.md) Forbidden Use Cases (§3) - BLOCKER BLOCKER: MEDICAL_DIAGNOSIS enforcement throws error","invocations":1,"location":null,"numPassingAsserts":1,"retryReasons":[],"startAt":1767062674389,"status":"passed","title":"BLOCKER: MEDICAL_DIAGNOSIS enforcement throws error"},{"ancestorTitles":["LLM Policy Enforcement (LLM_USAGE_POLICY.md)","Forbidden Use Cases (§3) - BLOCKER"],"duration":0,"failing":false,"failureDetails":[],"failureMessages":[],"fullName":"LLM Policy Enforcement (LLM_USAGE_POLICY.md) Forbidden Use Cases (§3) - BLOCKER BLOCKER: LEGAL_ADVICE use case is rejected","invocations":1,"location":null,"numPassingAsserts":2,"retryReasons":[],"startAt":1767062674390,"status":"passed","title":"BLOCKER: LEGAL_ADVICE use case is rejected"},{"ancestorTitles":["LLM Policy Enforcement (LLM_USAGE_POLICY.md)","Forbidden Use Cases (§3) - BLOCKER"],"duration":0,"failing":false,"failureDetails":[],"failureMessages":[],"fullName":"LLM Policy Enforcement (LLM_USAGE_POLICY.md) Forbidden Use Cases (§3) - BLOCKER BLOCKER: PROFILING_NO_BASIS use case is rejected","invocations":1,"location":null,"numPassingAsserts":1,"retryReasons":[],"startAt":1767062674391,"status":"passed","title":"BLOCKER: PROFILING_NO_BASIS use case is rejected"},{"ancestorTitles":["LLM Policy Enforcement (LLM_USAGE_POLICY.md)","Forbidden Use Cases (§3) - BLOCKER"],"duration":1,"failing":false,"failureDetails":[],"failureMessages":[],"fullName":"LLM Policy Enforcement (LLM_USAGE_POLICY.md) Forbidden Use Cases (§3) - BLOCKER BLOCKER: TRAINING_ON_USER_DATA use case is rejected","invocations":1,"location":null,"numPassingAsserts":2,"retryReasons":[],"startAt":1767062674391,"status":"passed","title":"BLOCKER: TRAINING_ON_USER_DATA use case is rejected"},{"ancestorTitles":["LLM Policy Enforcement (LLM_USAGE_POLICY.md)","Forbidden Use Cases (§3) - BLOCKER"],"duration":0,"failing":false,"failureDetails":[],"failureMessages":[],"fullName":"LLM Policy Enforcement (LLM_USAGE_POLICY.md) Forbidden Use Cases (§3) - BLOCKER BLOCKER: FRONTEND_LLM_CALL use case is rejected","invocations":1,"location":null,"numPassingAsserts":1,"retryReasons":[],"startAt":1767062674392,"status":"passed","title":"BLOCKER: FRONTEND_LLM_CALL use case is rejected"},{"ancestorTitles":["LLM Policy Enforcement (LLM_USAGE_POLICY.md)","Forbidden Use Cases (§3) - BLOCKER"],"duration":5,"failing":false,"failureDetails":[],"failureMessages":[],"fullName":"LLM Policy Enforcement (LLM_USAGE_POLICY.md) Forbidden Use Cases (§3) - BLOCKER BLOCKER: LOAN_APPROVAL automation is rejected","invocations":1,"location":null,"numPassingAsserts":2,"retryReasons":[],"startAt":1767062674392,"status":"passed","title":"BLOCKER: LOAN_APPROVAL automation is rejected"},{"ancestorTitles":["LLM Policy Enforcement (LLM_USAGE_POLICY.md)","Forbidden Use Cases (§3) - BLOCKER"],"duration":0,"failing":false,"failureDetails":[],"failureMessages":[],"fullName":"LLM Policy Enforcement (LLM_USAGE_POLICY.md) Forbidden Use Cases (§3) - BLOCKER BLOCKER: EMPLOYMENT_DECISION automation is rejected","invocations":1,"location":null,"numPassingAsserts":1,"retryReasons":[],"startAt":1767062674398,"status":"passed","title":"BLOCKER: EMPLOYMENT_DECISION automation is rejected"},{"ancestorTitles":["LLM Policy Enforcement (LLM_USAGE_POLICY.md)","Forbidden Use Cases (§3) - BLOCKER"],"duration":2,"failing":false,"failureDetails":[],"failureMessages":[],"fullName":"LLM Policy Enforcement (LLM_USAGE_POLICY.md) Forbidden Use Cases (§3) - BLOCKER BLOCKER: CREDIT_SCORING automation is rejected","invocations":1,"location":null,"numPassingAsserts":2,"retryReasons":[],"startAt":1767062674398,"status":"passed","title":"BLOCKER: CREDIT_SCORING automation is rejected"},{"ancestorTitles":["LLM Policy Enforcement (LLM_USAGE_POLICY.md)","Unknown Use Cases - Fail-Safe Rejection"],"duration":1,"failing":false,"failureDetails":[],"failureMessages":[],"fullName":"LLM Policy Enforcement (LLM_US
[...]
7,"column":4},"end":{"line":9,"column":null}},"type":"if","locations":[{"start":{"line":7,"column":4},"end":{"line":9,"column":null}},{"start":{},"end":{}}]},"1":{"loc":{"start":{"line":11,"column":4},"end":{"line":13,"column":null}},"type":"if","locations":[{"start":{"line":11,"column":4},"end":{"line":13,"column":null}},{"start":{},"end":{}}]}},"s":{"0":5,"1":2,"2":2,"3":8,"4":2,"5":6,"6":5,"7":4},"f":{"0":8},"b":{"0":[2,6],"1":[4,1]}},"C:\\workspace\\ia-tools\\rgpd-ia-platform\\rgpd-ia-platform\\src\\middleware.ts":{"path":"C:\\workspace\\ia-tools\\rgpd-ia-platform\\rgpd-ia-platform\\src\\middleware.ts","statementMap":{"0":{"start":{"line":47,"column":13},"end":{"line":47,"column":22}},"1":{"start":{"line":17,"column":16},"end":{"line":17,"column":27}},"2":{"start":{"line":14,"column":29},"end":{"line":14,"column":null}},"3":{"start":{"line":18,"column":17},"end":{"line":18,"column":null}},"4":{"start":{"line":22,"column":25},"end":{"line":22,"column":null}},"5":{"start":{"line":24,"column":19},"end":{"line":24,"column":null}},"6":{"start":{"line":27,"column":2},"end":{"line":33,"column":null}},"7":{"start":{"line":28,"column":4},"end":{"line":28,"column":null}},"8":{"start":{"line":29,"column":4},"end":{"line":29,"column":null}},"9":{"start":{"line":30,"column":4},"end":{"line":30,"column":null}},"10":{"start":{"line":31,"column":4},"end":{"line":31,"column":61}},"11":{"start":{"line":32,"column":4},"end":{"line":32,"column":null}},"12":{"start":{"line":36,"column":2},"end":{"line":41,"column":null}},"13":{"start":{"line":37,"column":4},"end":{"line":40,"column":null}},"14":{"start":{"line":43,"column":2},"end":{"line":43,"column":null}},"15":{"start":{"line":47,"column":22},"end":{"line":49,"column":null}}},"fnMap":{"0":{"name":"middleware","decl":{"start":{"line":17,"column":16},"end":{"line":17,"column":27}},"loc":{"start":{"line":17,"column":47},"end":{"line":44,"column":null}}}},"branchMap":{"0":{"loc":{"start":{"line":22,"column":25},"end":{"line":22,"column":null}},"type":"binary-expr","locations":[{"start":{"line":22,"column":25},"end":{"line":22,"column":68}},{"start":{"line":22,"column":68},"end":{"line":22,"column":null}}]},"1":{"loc":{"start":{"line":27,"column":2},"end":{"line":33,"column":null}},"type":"if","locations":[{"start":{"line":27,"column":2},"end":{"line":33,"column":null}},{"start":{},"end":{}}]},"2":{"loc":{"start":{"line":27,"column":6},"end":{"line":27,"column":49}},"type":"binary-expr","locations":[{"start":{"line":27,"column":6},"end":{"line":27,"column":16}},{"start":{"line":27,"column":16},"end":{"line":27,"column":49}}]},"3":{"loc":{"start":{"line":36,"column":2},"end":{"line":41,"column":null}},"type":"if","locations":[{"start":{"line":36,"column":2},"end":{"line":41,"column":null}},{"start":{},"end":{}}]}},"s":{"0":1,"1":4,"2":1,"3":4,"4":4,"5":4,"6":4,"7":0,"8":0,"9":0,"10":0,"11":0,"12":4,"13":0,"14":4,"15":1},"f":{"0":4},"b":{"0":[4,4],"1":[0,4],"2":[4,0],"3":[0,4]}},"C:\\workspace\\ia-tools\\rgpd-ia-platform\\rgpd-ia-platform\\src\\app\\http\\requirePermission.ts":{"path":"C:\\workspace\\ia-tools\\rgpd-ia-platform\\rgpd-ia-platform\\src\\app\\http\\requirePermission.ts","statementMap":{"0":{"start":{"line":33,"column":16},"end":{"line":33,"column":null}},"1":{"start":{"line":1,"column":31},"end":{"line":1,"column":null}},"2":{"start":{"line":2,"column":32},"end":{"line":2,"column":null}},"3":{"start":{"line":3,"column":28},"end":{"line":3,"column":null}},"4":{"start":{"line":4,"column":29},"end":{"line":4,"column":null}},"5":{"start":{"line":19,"column":2},"end":{"line":24,"column":null}},"6":{"start":{"line":39,"column":2},"end":{"line":56,"column":null}},"7":{"start":{"line":40,"column":4},"end":{"line":55,"column":null}},"8":{"start":{"line":41,"column":6},"end":{"line":54,"column":null}},"9":{"start":{"line":42,"column":20},"end":{"line":42,"column":null}},"10":{"start":{"line":43,"column":25},"end":{"line":43,"column":null}},"11":{"start":{"line":45,"column":25},"end":{"line":45,"column":null}},"12":{"start":{"line":47,"column":8},"end":{"line":49,"column":null}},"13":{"start":{"line":48,"column":10},"end":{"line":48,"column":null}},"14":{"start":{"line":51,"column":8},"end":{"line":51,"column":null}},"15":{"start":{"line":53,"column":8},"end":{"line":53,"column":null}}},"fnMap":{"0":{"name":"buildContext","decl":{"start":{"line":18,"column":9},"end":{"line":18,"column":22}},"loc":{"start":{"line":18,"column":47},"end":{"line":25,"column":null}}},"1":{"name":"requirePermission","decl":{"start":{"line":33,"column":16},"end":{"line":33,"column":null}},"loc":{"start":{"line":35,"column":75},"end":{"line":57,"column":null}}},"2":{"name":"(anonymous_3)","decl":{"start":{"line":39,"column":9},"end":{"line":39,"column":10}},"loc":{"start":{"line":39,"column":10},"end":{"line":56,"column":null}}},"3":{"name":"(anonymous_4)","decl":{"start":{"line":40,"column":23},"end":{"line":40,"column":30}},"loc":{"start":{"line":40,"column":48},"end":{"line":55,"column":null}}}},"branchMap":{"0":{"loc":{"start":{"line":47,"column":8},"end":{"line":49,"column":null}},"type":"if","locations":[{"start":{"line":47,"column":8},"end":{"line":49,"column":null}},{"start":{},"end":{}}]},"1":{"loc":{"start":{"line":48,"column":35},"end":{"line":48,"column":null}},"type":"binary-expr","locations":[{"start":{"line":48,"column":35},"end":{"line":48,"column":50}},{"start":{"line":48,"column":54},"end":{"line":48,"column":null}}]}},"s":{"0":5,"1":1,"2":1,"3":1,"4":1,"5":7,"6":5,"7":5,"8":7,"9":7,"10":7,"11":7,"12":7,"13":3,"14":4,"15":3},"f":{"0":7,"1":5,"2":5,"3":7},"b":{"0":[3,4],"1":[3,0]}},"C:\\workspace\\ia-tools\\rgpd-ia-platform\\rgpd-ia-platform\\src\\app\\http\\errorResponse.ts":{"path":"C:\\workspace\\ia-tools\\rgpd-ia-platform\\rgpd-ia-platform\\src\\app\\http\\errorResponse.ts","statementMap":{"0":{"start":{"line":10,"column":16},"end":{"line":10,"column":32}},"1":{"start":{"line":1,"column":27},"end":{"line":1,"column":null}},"2":{"start":{"line":4,"column":2},"end":{"line":7,"column":null}},"3":{"start":{"line":11,"column":2},"end":{"line":13,"column":null}},"4":{"start":{"line":12,"column":4},"end":{"line":12,"column":null}},"5":{"start":{"line":14,"column":2},"end":{"line":14,"column":null}}},"fnMap":{"0":{"name":"jsonResponse","decl":{"start":{"line":3,"column":9},"end":{"line":3,"column":22}},"loc":{"start":{"line":3,"column":51},"end":{"line":8,"column":null}}},"1":{"name":"toErrorResponse","decl":{"start":{"line":10,"column":16},"end":{"line":10,"column":32}},"loc":{"start":{"line":10,"column":46},"end":{"line":15,"column":null}}}},"branchMap":{"0":{"loc":{"start":{"line":11,"column":2},"end":{"line":13,"column":null}},"type":"if","locations":[{"start":{"line":11,"column":2},"end":{"line":13,"column":null}},{"start":{},"end":{}}]}},"s":{"0":9,"1":3,"2":9,"3":9,"4":9,"5":0},"f":{"0":9,"1":9},"b":{"0":[9,0]}},"C:\\workspace\\ia-tools\\rgpd-ia-platform\\rgpd-ia-platform\\src\\app\\http\\requireAuth.ts":{"path":"C:\\workspace\\ia-tools\\rgpd-ia-platform\\rgpd-ia-platform\\src\\app\\http\\requireAuth.ts","statementMap":{"0":{"start":{"line":29,"column":16},"end":{"line":29,"column":28}},"1":{"start":{"line":1,"column":34},"end":{"line":1,"column":null}},"2":{"start":{"line":2,"column":32},"end":{"line":2,"column":null}},"3":{"start":{"line":3,"column":33},"end":{"line":3,"column":null}},"4":{"start":{"line":16,"column":21},"end":{"line":16,"column":null}},"5":{"start":{"line":17,"column":2},"end":{"line":17,"column":null}},"6":{"start":{"line":17,"column":19},"end":{"line":17,"column":null}},"7":{"start":{"line":19,"column":16},"end":{"line":19,"column":null}},"8":{"start":{"line":20,"column":2},"end":{"line":20,"column":null}},"9":{"start":{"line":30,"column":2},"end":{"line":48,"column":null}},"10":{"start":{"line":31,"column":4},"end":{"line":47,"column":null}},"11":{"start":{"line":32,"column":20},"end":{"line":32,"column":null}},"12":{"start":{"line":33,"column":6},"end":{"line":35,"column":null}},"13":{"start":{"line":34,"column":8},"end":{"line":34,"column":null}},"14":{"start":{"line":37,"column":20},"end":{"line":37,"column":null}},"15":{"start":{"line":38,"column":6},"end":{"line":40,"column":null}},"16":{"start":{"line":39,"column":8},"end":{"line":39,"column":null}},"17":{"start":{"line":44,"column":6},"end":{"line":44,"column":null}},"18":{"start":{"line":46,"column":6},"end":{"line":46,"column":null}}},"fnMap":{"0":{"name":"extractToken","decl":{"start":{"line":15,"column":9},"end":{"line":15,"column":22}},"loc":{"start":{"line":15,"column":38},"end":{"line":21,"column":null}}},"1":{"name":"requireAuth","decl":{"start":{"line":29,"column":16},"end":{"line":29,"column":28}},"loc":{"start":{"line":29,"column":57},"end":{"line":49,"column":null}}},"2":{"name":"(anonymous_3)","decl":{"start":{"line":30,"column":9},"end":{"line":30,"column":16}},"loc":{"start":{"line":30,"column":16},"end":{"line":48,"column":null}}}},"branchMap":{"0":{"loc":{"start":{"line":17,"column":2},"end":{"line":17,"column":null}},"type":"if","locations":[{"start":{"line":17,"column":2},"end":{"line":17,"column":null}},{"start":{},"end":{}}]},"1":{"loc":{"start":{"line":20,"column":9},"end":{"line":20,"column":null}},"type":"binary-expr","locations":[{"start":{"line":20,"column":9},"end":{"line":20,"column":19}},{"start":{"line":20,"column":23},"end":{"line":20,"column":null}}]},"2":{"loc":{"start":{"line":33,"column":6},"end":{"line":35,"column":null}},"type":"if","locations":[{"start":{"line":33,"column":6},"end":{"line":35,"column":null}},{"start":{},"end":{}}]},"3":{"loc":{"start":{"line":38,"column":6},"end":{"line":40,"column":null}},"type":"if","locations":[{"start":{"line":38,"column":6},"end":{"line":40,"column":null}},{"start":{},"end":{}}]}},"s":{"0":6,"1":2,"2":2,"3":2,"4":13,"5":13,"6":2,"7":11,"8":11,"9":6,"10":13,"11":13,"12":13,"13":3,"14":10,"15":10,"16":1,"17":9,"18":4},"f":{"0":13,"1":6,"2":13},"b":{"0":[2,11],"1":[11,1],"2":[3,10],"3":[1,9]}},"C:\\workspace\\ia-tools\\rgpd-ia-platform\\rgpd-ia-platform\\src\\app\\auth\\stubAuthProvider.ts":{"path":"C:\\workspace\\ia-tools\\rgpd-ia-platform\\rgpd-ia-platform\\src\\app\\auth\\stubAuthProvider.ts","statementMap":{"0":{"start":{"line":38,"column":13},"end":{"line":38,"column":null}},"1":{"start":{"line":73,"column":13},"end":{"line":73,"column":32}},"2":{"start":{"line":39,"column":19},"end":{"line":39,"column":null}},"3":{"start":{"line":44,"column":4},"end":{"line":48,"column":null}},"4":{"start":{"line":50,"column":4},"end":{"line":55,"column":null}},"5":{"start":{"line":60,"column":18},"end":{"line":60,"column":null}},"6":{"start":{"line":61,"column":4},"end":{"line":61,"column":null}},"7":{"start":{"line":68,"column":4},"end":{"line":68,"column":null}},"8":{"start":{"line":73,"column":32},"end":{"line":73,"column":null}}},"fnMap":{"0":{"name":"(anonymous_3)","decl":{"start":{"line":41,"column":2},"end":{"line":41,"column":16}},"loc":{"start":{"line":41,"column":16},"end":{"line":56,"column":null}}},"1":{"name":"(anonymous_4)","decl":{"start":{"line":58,"column":2},"end":{"line":58,"column":8}},"loc":{"start":{"line":58,"column":72},"end":{"line":62,"column":null}}},"2":{"name":"(anonymous_5)","decl":{"start":{"line":67,"column":2},"end":{"line":67,"column":20}},"loc":{"start":{"line":67,"column":68},"end":{"line":69,"column":null}}}},"branchMap":{"0":{"loc":{"start":{"line":61,"column":11},"end":{"line":61,"column":null}},"type":"binary-expr","locations":[{"start":{"line":61,"column":11},"end":{"line":61,"column":20}},{"start":{"line":61,"column":20},"end":{"line":61,"column":null}}]}},"s":{"0":0,"1":10,"2":2,"3":2,"4":2,"5":10,"6":10,"7":0,"8":2},"f":{"0":2,"1":10,"2":0},"b":{"0":[10,1]}},"C:\\workspace\\ia-tools\\rgpd-ia-platform\\rgpd-ia-platform\\app\\api\\_private\\ping\\route.ts":{"path":"C:\\workspace\\ia-tools\\rgpd-ia-platform\\rgpd-ia-platform\\app\\api\\_private\\ping\\route.ts","statementMap":{"0":{"start":{"line":3,"column":13},"end":{"line":3,"column":19}},"1":{"start":{"line":1,"column":28},"end":{"line":1,"column":null}},"2":{"start":{"line":3,"column":19},"end":{"line":8,"column":null}},"3":{"start":{"line":4,"column":2},"end":{"line":7,"column":null}}},"fnMap":{"0":{"name":"(anonymous_1)","decl":{"start":{"line":3,"column":31},"end":{"line":3,"column":null}},"loc":{"start":{"line":3,"column":31},"end":{"line":8,"column":null}}}},"branchMap":{},"s":{"0":3,"1":1,"2":1,"3":1},"f":{"0":1},"b":{}},"C:\\workspace\\ia-tools\\rgpd-ia-platform\\rgpd-ia-platform\\src\\app\\http\\tenantGuard.ts":{"path":"C:\\workspace\\ia-tools\\rgpd-ia-platform\\rgpd-ia-platform\\src\\app\\http\\tenantGuard.ts","statementMap":{"0":{"start":{"line":27,"column":16},"end":{"line":27,"column":28}},"1":{"start":{"line":1,"column":54},"end":{"line":1,"column":null}},"2":{"start":{"line":2,"column":32},"end":{"line":2,"column":null}},"3":{"start":{"line":10,"column":2},"end":{"line":10,"column":null}},"4":{"start":{"line":13,"column":14},"end":{"line":13,"column":null}},"5":{"start":{"line":14,"column":2},"end":{"line":16,"column":null}},"6":{"start":{"line":15,"column":4},"end":{"line":15,"column":null}},"7":{"start":{"line":17,"column":19},"end":{"line":17,"column":null}},"8":{"start":{"line":18,"column":2},"end":{"line":20,"column":null}},"9":{"start":{"line":19,"column":4},"end":{"line":19,"column":null}},"10":{"start":{"line":21,"column":2},"end":{"line":23,"column":null}},"11":{"start":{"line":22,"column":4},"end":{"line":22,"column":null}},"12":{"start":{"line":24,"column":2},"end":{"line":24,"column":null}},"13":{"start":{"line":28,"column":2},"end":{"line":35,"column":null}},"14":{"start":{"line":29,"column":4},"end":{"line":34,"column":null}},"15":{"start":{"line":30,"column":23},"end":{"line":30,"column":null}},"16":{"start":{"line":31,"column":6},"end":{"line":31,"column":null}},"17":{"start":{"line":33,"column":6},"end":{"line":33,"column":null}}},"fnMap":{"0":{"name":"readTenantId","decl":{"start":{"line":12,"column":9},"end":{"line":12,"column":22}},"loc":{"start":{"line":12,"column":38},"end":{"line":25,"column":null}}},"1":{"name":"tenantGuard","decl":{"start":{"line":27,"column":16},"end":{"line":27,"column":28}},"loc":{"start":{"line":27,"column":51},"end":{"line":36,"column":null}}},"2":{"name":"(anonymous_3)","decl":{"start":{"line":28,"column":9},"end":{"line":28,"column":16}},"loc":{"start":{"line":28,"column":16},"end":{"line":35,"column":null}}}},"branchMap":{"0":{"loc":{"start":{"line":14,"column":2},"end":{"line":16,"column":null}},"type":"if","locations":[{"start":{"line":14,"column":2},"end":{"line":16,"column":null}},{"start":{},"end":{}}]},"1":{"loc":{"start":{"line":18,"column":2},"end":{"line":20,"column":null}},"type":"if","locations":[{"start":{"line":18,"column":2},"end":{"line":20,"column":null}},{"start":{},"end":{}}]},"2":{"loc":{"start":{"line":21,"column":2},"end":{"line":23,"column":null}},"type":"if","locations":[{"start":{"line":21,"column":2},"end":{"line":23,"column":null}},{"start":{},"end":{}}]}},"s":{"0":1,"1":1,"2":1,"3":1,"4":3,"5":3,"6":1,"7":2,"8":2,"9":0,"10":2,"11":1,"12":1,"13":1,"14":3,"15":3,"16":1,"17":2},"f":{"0":3,"1":1,"2":3},"b":{"0":[1,2],"1":[0,2],"2":[1,1]}},"C:\\workspace\\ia-tools\\rgpd-ia-platform\\rgpd-ia-platform\\src\\lib\\jwt.ts":{"path":"C:\\workspace\\ia-tools\\rgpd-ia-platform\\rgpd-ia-platform\\src\\lib\\jwt.ts","statementMap":{"0":{"start":{"line":107,"column":16},"end":{"line":107,"column":null}},"1":{"start":{"line":46,"column":16},"end":{"line":46,"column":24}},"2":{"start":{"line":74,"column":16},"end":{"line":74,"column":26}},"3":{"start":{"line":16,"column":40},"end":{"line":16,"column":null}},"4":{"start":{"line":27,"column":22},"end":{"line":27,"column":null}},"5":{"start":{"line":28,"column":31},"end":{"line":28,"column":45}},"6":{"start":{"line":35,"column":17},"end":{"line":35,"column":39}},"7":{"start":{"line":36,"column":2},"end":{"line":38,"column":null}},"8":{"start":{"line":37,"column":4},"end":{"line":37,"column":null}},"9":{"start":{"line":39,"column":2},"end":{"line":39,"column":null}},"10":{"start":{"line":47,"column":14},"end":{"line":47,"column":null}},"11":{"start":{"line":49,"column":34},"end":{"line":53,"column":null}},"12":{"start":{"line":55,"column":17},"end":{"line":58,"column":null}},"13":{"start":{"line":60,"column":24},"end":{"line":60,"column":null}},"14":{"start":{"line":61,"column":25},"end":{"line":61,"column":null}},"15":{"start":{"line":63,"column":20},"end":{"line":65,"column":null}},"16":{"start":{"line":67,"column":2},"end":{"line":67,"column":null}},"17":{"start":{"line":75,"column":16},"end":{"line":75,"column":null}},"18":{"start":{"line":76,"column":2},"end":{"line":78,"column":null}},"19":{"start":{"line":77,"column":4},"end":{"line":77,"column":null}},"20":{"start":{"line":80,"column":53},"end":{"line":80,"column":null}},"21":{"start":{"line":83,"column":28},"end":{"line":85,"column":null}},"22":{"start":{"line":87,"column":2},"end":{"line":89,"column":null}},"23":{"start":{"line":88,"column":4},"end":{"line":88,"column":null}},"24":{"start":{"line":92,"column":18},"end":{"line":92,"column":null}},"25":{"start":{"line":95,"column":14},"end":{"line":95,"column":null}},"26":{"start":{"line":96,"column":2},"end":{"line":98,"column":null}},"27":{"start":{"line":97,"column":4},"end":{"line":97,"column":null}},"28":{"start":{"line":100,"column":2},"end":{"line":100,"column":null}},"29":{"start":{"line":108,"column":2},"end":{"line":108,"column":null}},"30":{"start":{"line":115,"column":2},"end":{"line":116,"column":null}},"31":{"start":{"line":123,"column":2},"end":{"line":123,"column":null}}},"fnMap":{"0":{"name":"getJwtSecret","decl":{"start":{"line":34,"column":9},"end":{"line":34,"column":null}},"loc":{"start":{"line":34,"column":9},"end":{"line":40,"column":null}}},"1":{"name":"signJwt","decl":{"start":{"line":46,"column":16},"end":{"line":46,"column":24}},"loc":{"start":{"line":46,"column":64},"end":{"line":68,"column":null}}},"2":{"name":"verifyJwt","decl":{"start":{"line":74,"column":16},"end":{"line":74,"column":26}},"loc":{"start":{"line":74,"column":39},"end":{"line":101,"column":null}}},"3":{"name":"generateJwtSecret","decl":{"start":{"line":107,"column":16},"end":{"line":107,"column":null}},"loc":{"start":{"line":107,"column":16},"end":{"line":109,"column":null}}},"4":{"name":"base64UrlEncode","decl":{"start":{"line":114,"column":9},"end":{"line":114,"column":25}},"loc":{"start":{"line":114,"column":36},"end":{"line":117,"column":null}}},"5":{"name":"base64UrlDecode","decl":{"start":{"line":122,"column":9},"end":{"line":122,"column":25}},"loc":{"start":{"line":122,"column":36},"end":{"line":124,"column":null}}}},"branchMap":{"0":{"loc":{"start":{"line":36,"column":2},"end":{"line":38,"column":null}},"type":"if","locations":[{"start":{"line":36,"column":2},"end":{"line":38,"column":null}},{"start":{},"end":{}}]},"1":{"loc":{"start":{"line":76,"column":2},"end":{"line":78,"column":null}},"type":"if","locations":[{"start":{"line":76,"column":2},"end":{"line":78,"column":null}},{"start":{},"end":{}}]},"2":{"loc":{"start":{"line":87,"column":2},"end":{"line":89,"column":null}},"type":"if","locations":[{"start":{"line":87,"column":2},"end":{"line":89,"column":null}},{"start":{},"end":{}}]},"3":{"loc":{"start":{"line":96,"column":2},"end":{"line":98,"column":null}},"type":"if","locations":[{"start":{"line":96,"column":2},"end":{"line":98,"column":null}},{"start":{},"end":{}}]},"4":{"loc":{"start":{"line":96,"column":6},"end":{"line":96,"column":40}},"type":"binary-expr","locations":[{"start":{"line":96,"column":6},"end":{"line":96,"column":17}},{"start":{"line":96,"column":21},"end":{"line":96,"column":40}}]}},"s":{"0":0,"1":2,"2":0,"3":1,"4":1,"5":1,"6":2,"7":2,"8":0,"9":2,"10":2,"11":2,"12":2,"13":2,"14":2,"15":2,"16":2,"17":0,"18":0,"19":0,"20":0,"21":0,"22":0,"23":0,"24":0,"25":0,"26":0,"27":0,"28":0,"29":0,"30":4,"31":0},"f":{"0":2,"1":2,"2":0,"3":0,"4":4,"5":0},"b":{"0":[0,2],"1":[0,0],"2":[0,0],"3":[0,0],"4":[0,0]}}}}
